their
would
about
there
think
which
people
could
other
these
first
because
thing
those
woman
through
child
there
after
should
world
school
still
three
state
never
become
between
really
something
another
family
leave
while
student
great
group
begin
country
where
problem
every
start
might
American
about
against
place
again
company
where
system
right
program
question
during
government
small
number
always
night
point
believe
today
bring
happen
without
before
large
million
under
water
write
mother
national
money
story
young
month
different
right
study
though
business
issue
black
little
house
after
since
provide
service
around
friend
important
father
until
power
often
political
among
stand
however
member
almost
include
continue
later
community
white
least
president
learn
change
minute
several
information
nothing
right
social
understand
whether
watch
together
follow
around
parent
anything
create
public
already
speak
others
level
allow
office
spend
health
person
history
party
within
result
change
morning
reason
research
early
before
moment
himself
teacher
force
offer
enough
education
across
although
remember
second
maybe
toward
policy
everything
process
music
including
consider
appear
actually
probably
human
serve
market
expect
sense
build
nation
college
interest
death
course
someone
experience
behind
reach
local
remain
effect
suggest
class
control
raise
perhaps
little
field
former
major
sometimes
require
along
development
themselves
report
better
economic
effort
decide
strong
possible
heart
leader
light
voice
whole
police
finally
return
military
price
report
according
decision
explain
develop
relationship
carry
drive
federal
break
better
difference
thank
receive
value
international
building
action
model
season
society
because
director
early
position
player
agree
especially
record
paper
special
space
ground
support
event
official
whose
matter
everyone
center
couple
project
activity
table
court
produce
American
teach
situation
industry
figure
street
image
itself
phone
either
cover
quite
picture
clear
practice
piece
recent
describe
product
doctor
patient
worker
movie
certain
north
personal
support
simply
third
technology
catch
computer
attention
Republican
source
nearly
organization
choose
cause
point
century
evidence
window
difficult
listen
culture
billion
chance
brother
energy
period
course
summer
realize
hundred
available
plant
likely
opportunity
short
letter
condition
choice
place
single
daughter
administration
south
husband
Congress
floor
campaign
material
population
economy
medical
hospital
church
close
thousand
current
future
wrong
involve
defense
anyone
increase
security
myself
certainly
sport
board
subject
officer
private
behavior
performance
fight
throw
quickly
second
order
author
represent
focus
foreign
blood
agency
nature
color
recently
store
reduce
sound
before
movement
enter
share
common
other
natural
concern
series
significant
similar
language
usually
response
animal
factor
decade
article
shoot
seven
artist
scene
stock
career
despite
central
eight
treatment
beyond
happy
exactly
protect
approach
serious
occur
media
ready
thought
individual
simple
quality
pressure
accept
answer
resource
identify
meeting
determine
prepare
disease
whatever
success
argue
particularly
amount
ability
staff
recognize
indicate
character
growth
degree
wonder
attack
herself
region
television
training
pretty
trade
election
everybody
physical
general
feeling
standard
message
outside
arrive
analysis
benefit
forward
lawyer
present
section
environmental
glass
answer
skill
sister
professor
operation
financial
crime
stage
compare
authority
design
knowledge
station
state
strategy
little
clearly
discuss
indeed
force
truth
example
democratic
check
environment
public
various
rather
laugh
guess
executive
study
prove
entire
design
enough
forget
since
claim
remove
manager
close
sound
enjoy
network
legal
religious
final
science
green
memory
above
establish
trial
expert
spring
Democrat
radio
visit
management
avoid
imagine
tonight
close
finish
yourself
theory
impact
respond
statement
maintain
charge
popular
traditional
reveal
direction
weapon
employee
cultural
contain
peace
control
apply
measure
shake
interview
manage
chair
particular
camera
structure
politics
perform
weight
suddenly
discover
candidate
production
treat
evening
affect
inside
conference
style
adult
worry
range
mention
rather
individual
specific
writer
trouble
necessary
throughout
challenge
shoulder
institution
middle
dream
beautiful
property
instead
improve
stuff
detail
method
somebody
magazine
hotel
soldier
reflect
heavy
sexual
cause
marriage
tough
surface
purpose
exist
pattern
agent
owner
machine
ahead
generation
commercial
address
cancer
reality
coach
violence
total
investment
discussion
finger
garden
notice
collection
modern
partner
positive
civil
kitchen
consumer
budget
painting
scientist
agreement
capital
mouth
victim
newspaper
instead
threat
responsibility
smile
attorney
score
account
interesting
break
audience
dinner
figure
western
relate
travel
debate
prevent
citizen
majority
front
admit
senior
assume
professional
mission
alone
customer
suffer
speech
successful
option
participant
southern
fresh
eventually
forest
video
global
Senate
reform
access
restaurant
judge
publish
relation
release
opinion
credit
critical
corner
concerned
recall
version
stare
safety
effective
neighborhood
original
troop
income
directly
species
immediately
track
basic
strike
freedom
absolutely
plane
nobody
achieve
object
attitude
labor
refer
concept
client
powerful
perfect
therefore
conduct
announce
conversation
examine
touch
please
attend
completely
variety
sleep
involved
investigation
nuclear
researcher
press
conflict
spirit
experience
replace
British
encourage
argument
brain
feature
afternoon
weekend
dozen
possibility
along
insurance
department
battle
beginning
generally
African
sorry
crisis
complete
stick
define
easily
through
element
vision
status
normal
Chinese
solution
stone
slowly
scale
university
introduce
driver
attempt
drink
front
distance
handle
truck
return
mountain
survey
supposed
tradition
winter
village
Soviet
refuse
sales
communication
screen
resident
future
potential
increase
middle
European
presence
independent
district
shape
reader
contract
crowd
Christian
express
apartment
willing
strength
previous
obviously
horse
interested
target
prison
guard
terms
demand
reporter
deliver
share
vehicle
observe
flight
inside
facility
understanding
average
emerge
advantage
quick
light
leadership
pound
basis
bright
operate
guest
sample
contribute
block
protection
settle
collect
additional
while
highly
identity
title
mostly
lesson
faith
river
promote
living
present
count
unless
marry
tomorrow
technique
order
principle
survive
border
competition
gather
limit
claim
equipment
worth
associate
critic
aspect
result
insist
failure
annual
French
Christmas
comment
responsible
affair
approach
until
procedure
regular
spread
chairman
baseball
ignore
measure
belief
demonstrate
anybody
murder
religion
review
editor
engage
coffee
document
speed
cross
influence
anyway
threaten
commit
female
youth
afraid
quarter
background
native
broad
wonderful
apparently
slightly
reaction
twice
perspective
growing
construction
intelligence
destroy
connection
charge
grade
context
committee
mistake
focus
smile
location
clothes
Indian
quiet
dress
promise
aware
neighbor
complete
drive
function
active
extend
chief
average
combine
below
voter
demand
learning
dangerous
remind
moral
United
category
relatively
victory
academic
visit
Internet
healthy
negative
following
historical
medicine
depend
photo
finding
direct
classroom
contact
justice
participate
daily
famous
exercise
flower
familiar
appropriate
supply
fully
actor
birth
search
democracy
eastern
primary
yesterday
circle
device
progress
front
bottom
island
exchange
clean
studio
train
colleague
application
damage
plastic
plate
otherwise
writing
press
start
alive
expression
football
intend
attack
chicken
abuse
theater
extra
session
danger
welcome
domestic
literature
desire
assessment
injury
respect
northern
paint
direct
Russian
instruction
fight
climb
sweet
engine
fourth
expand
importance
metal
ticket
software
disappear
corporate
strange
reading
urban
mental
increasingly
lunch
educational
somewhere
farmer
above
sugar
planet
favorite
explore
obtain
enemy
greatest
complex
surround
athlete
invite
repeat
carefully
scientific
impossible
panel
meaning
married
alone
instrument
predict
weather
presidential
emotional
commitment
Supreme
pocket
temperature
surprise
proposal
consequence
breath
sight
cover
balance
adopt
minority
straight
attempt
connect
works
teaching
belong
advice
photograph
empty
regional
trail
novel
somehow
organize
breast
Iraqi
human
acknowledge
theme
storm
union
record
thanks
fruit
under
expensive
yellow
conclusion
prime
shadow
struggle
conclude
analyst
dance
limit
regulation
being
largely
shift
revenue
locate
county
appearance
package
difficulty
bridge
recommend
obvious
train
basically
e-mail
generate
anymore
propose
thinking
possibly
trend
visitor
currently
comfortable
investor
profit
angry
accident
hearing
traffic
muscle
notion
capture
prefer
truly
earth
Japanese
chest
search
thick
museum
beauty
emergency
unique
feature
internal
ethnic
stress
content
select
declare
outside
appreciate
actual
bottle
hardly
setting
launch
dress
outcome
defend
matter
judge
sheet
ought
ensure
Catholic
extremely
extent
component
long-term
contrast
challenge
airport
chief
brown
standard
shirt
pilot
ultimately
contribution
capacity
ourselves
estate
guide
circumstance
English
politician
steal
pursue
percentage
funny
neither
influence
surgery
correct
Jewish
blame
estimate
basketball
investigate
crazy
significantly
chain
address
branch
combination
frequently
governor
relief
manner
ancient
silence
rating
golden
motion
German
gender
solve
landscape
equal
official
forth
frame
typical
except
conservative
eliminate
trust
ocean
score
producer
afford
meanwhile
regime
division
confirm
appeal
mirror
tooth
smart
length
entirely
topic
complain
issue
variable
range
telephone
perception
attract
confidence
bedroom
secret
nurse
coverage
opposition
aside
anywhere
pleasure
master
requirement
check
stand
expectation
separate
clear
struggle
somewhat
judgment
clean
except
English
reference
doubt
grant
seriously
account
minister
totally
industrial
cloud
stretch
winner
volume
travel
surprised
fashion
pepper
separate
intervention
below
cheap
welfare
vegetable
beach
improvement
everywhere
opening
overall
divide
initial
terrible
oppose
contemporary
route
multiple
essential
question
league
criminal
careful
upper
necessarily
specifically
tired
employ
holiday
dance
resolution
household
fewer
abortion
apart
witness
match
barely
sector
representative
beneath
beside
black
incident
limited
proud
faculty
increased
waste
merely
emphasize
experiment
definitely
enormous
liberal
massive
engineer
wheel
female
decline
invest
promise
cable
towards
expose
rural
narrow
cream
secretary
solid
typically
noise
grass
unfortunately
legislation
succeed
either
celebrate
achievement
fishing
drink
accuse
useful
secret
reject
talent
taste
characteristic
escape
sentence
unusual
closely
convince
height
physician
assess
sleep
plenty
virtually
first
addition
sharp
creative
lower
behind
approve
explanation
outside
campus
proper
guilty
living
acquire
compete
technical
potential
immigrant
illegal
alternative
interaction
column
personality
signal
curriculum
honor
passenger
assistance
forever
regard
Israeli
association
twenty
knock
review
offer
display
criticism
asset
depression
spiritual
musical
journalist
prayer
suspect
scholar
warning
climate
cheese
observation
childhood
payment
permit
cigarette
definition
priority
bread
creation
graduate
request
emotion
scream
dramatic
universe
excellent
deeply
prosecutor
green
lucky
airline
library
agenda
recover
factory
selection
primarily
unable
expense
initiative
arrest
funding
therapy
schedule
brief
housing
purchase
existing
steel
regarding
shout
remaining
visual
fairly
violent
silent
suppose
perceive
comparison
settlement
layer
planning
description
later
slide
widely
wedding
inform
portion
territory
immediate
opponent
abandon
transform
tension
display
leading
bother
consist
alcohol
enable
saving
desert
shall
error
release
double
Spanish
print
preserve
passage
formal
transition
existence
album
participation
arrange
atmosphere
joint
reply
cycle
opposite
whole
deserve
consistent
resistance
discovery
exposure
stream
trust
benefit
grand
hello
coalition
knife
resolve
racial
phase
present
Mexican
symptom
contact
manufacturer
philosophy
potato
interview
foundation
quote
online
negotiation
occasion
breathe
elect
investigator
jacket
ordinary
reduction
rarely
shift
suicide
numerous
touch
substance
discipline
elsewhere
practical
moreover
passion
volunteer
implement
essentially
enforcement
sauce
independence
marketing
priest
amazing
intense
advance
employer
shock
inspire
adjust
retire
visible
illness
habit
competitive
juice
congressional
involvement
dominate
previously
whenever
transfer
analyze
another
attach
Indian
disaster
parking
prospect
complaint
championship
coach
exercise
fundamental
severe
enhance
mystery
impose
poverty
other
entry
spending
evaluate
symbol
still
trade
maker
accomplish
emphasis
illustrate
monitor
Asian
entertainment
evaluation
creature
commander
digital
arrangement
concentrate
total
usual
anger
psychological
heavily
approximately
increasing
disorder
missile
equally
round
distribution
transportation
command
commission
interpretation
breakfast
strongly
engineering
so-called
constant
clinic
veteran
smell
tablespoon
capable
nervous
tourist
light
crucial
tomato
exception
butter
deficit
bathroom
objective
block
electronic
journey
reputation
mixture
surely
tower
smoke
confront
glance
dimension
prisoner
fellow
smooth
nearby
designer
personnel
shape
educator
relative
immigration
teaspoon
birthday
implication
perfectly
coast
supporter
accompany
silver
teenager
recognition
retirement
recovery
whisper
watch
gentleman
inner
junior
rather
throat
salary
swing
observer
straight
publication
pretty
strike
permanent
plant
phenomenon
anxiety
unlike
literally
resist
convention
embrace
supply
assist
exhibition
construct
viewer
consultant
administrator
occasionally
mayor
consideration
secure
smoke
estimate
historic
grandmother
fifth
constantly
enterprise
favor
testing
stomach
apparent
weigh
install
sensitive
suggestion
recipe
reasonable
preparation
wooden
elementary
concert
aggressive
false
intention
channel
extreme
drawing
protein
absence
Latin
rapidly
comment
diversity
honest
Palestinian
employment
speaker
impression
essay
respondent
giant
historian
negotiate
restore
substantial
particular
specialist
origin
approval
quietly
advise
conventional
count
depth
wealth
disability
shell
general
criticize
professional
effectively
biological
onion
deputy
brand
assure
award
criteria
dealer
alternative
utility
precisely
arise
armed
nevertheless
highway
clinical
routine
schedule
normally
phrase
ingredient
stake
Muslim
dream
fiber
activist
Islamic
terrorism
refugee
incorporate
ultimate
switch
corporation
valuable
assumption
graduate
barrier
minor
provision
killer
assign
developing
classic
chemical
label
index
vacation
advocate
draft
extraordinary
heaven
rough
pregnant
distant
drama
satellite
personally
wonder
clock
chocolate
Italian
Canadian
ceiling
sweep
advertising
universal
house
button
darkness
ahead
clothing
super
yield
fence
portrait
paint
survival
roughly
lawsuit
bottom
testimony
bunch
found
burden
react
chamber
furniture
cooperation
string
ceremony
communicate
taste
cheek
profile
mechanism
disagree
penalty
match
advance
resort
destruction
unlikely
tissue
constitutional
stranger
infection
cabinet
broken
apple
electric
proceed
track
literary
virus
stupid
dispute
fortune
strategic
assistant
overcome
remarkable
occupy
statistics
shopping
cousin
encounter
initially
blind
white
honor
electricity
genetic
adviser
spokesman
retain
latter
incentive
slave
chemical
translate
accurate
whereas
terror
though
expansion
elite
Olympic
bullet
tight
Bible
chart
solar
decline
conservative
process
square
stick
concentration
complicated
gently
champion
scenario
telescope
reflection
revolution
strip
interpret
friendly
tournament
fiction
detect
balance
likely
tremendous
lifetime
recommendation
senator
market
hunting
salad
guarantee
innocent
boundary
pause
remote
satisfaction
journal
bench
lover
awareness
surprising
withdraw
general
similarly
newly
testify
dialogue
imply
naturally
mutual
founder
advanced
pride
dismiss
aircraft
delivery
mainly
freeze
platform
finance
attractive
respect
diverse
relevant
ideal
worth
regularly
working
singer
evolve
shooting
partly
unknown
assistant
offense
counter
smell
potentially
transfer
thirty
justify
protest
crash
craft
treaty
terrorist
insight
possess
politically
extensive
episode
double
fault
loose
shortly
originally
considerable
prior
intellectual
assault
relax
stair
adventure
external
proof
confident
headquarters
sudden
dirty
violation
tongue
license
shelter
controversy
entrance
favorite
practice
properly
defensive
tragedy
characterize
funeral
profession
alter
constitute
establishment
squeeze
imagination
target
convert
comprehensive
prominent
presentation
regardless
stable
introduction
appeal
pretend
elderly
representation
split
violate
partnership
pollution
emission
steady
vital
neither
earnings
distinction
segment
nowhere
exciting
variation
comfort
radical
stress
adapt
Irish
honey
correspondent
musician
significance
round
vessel
storage
mm-hmm
leather
distribute
evolution
tribe
shelf
grandfather
buyer
dining
wisdom
council
vulnerable
instance
garlic
capability
poetry
celebrity
gradually
stability
doubt
fantasy
scared
guide
framework
gesture
depending
ongoing
psychology
since
counselor
witness
chapter
fellow
divorce
athletic
slight
shade
sustain
mount
obligation
angle
differ
custom
economist
fifteen
celebration
efficient
damage
composition
satisfy
briefly
carbon
closer
consume
scheme
crack
frequency
tobacco
survivor
besides
psychologist
wealthy
galaxy
given
limitation
trace
appointment
preference
meter
explosion
arrest
publicly
incredible
fighter
rapid
admission
hunter
educate
painful
friendship
infant
calculate
fifty
porch
tendency
uniform
formation
scholarship
reservation
efficiency
waste
qualify
derive
scandal
helpful
impress
resemble
privacy
fabric
surprise
contest
proportion
guideline
rifle
maintenance
conviction
trick
organic
examination
publisher
strengthen
French
proposed
sophisticated
standing
asleep
tennis
nerve
barrel
bombing
membership
ratio
purchase
controversial
desperate
lifestyle
humor
glove
suspect
sufficient
narrative
photographer
helicopter
Catholic
modest
provider
delay
agricultural
explode
stroke
scope
punishment
handful
badly
horizon
curious
downtown
girlfriend
prompt
request
cholesterol
absorb
adjustment
taxpayer
eager
principal
detailed
motivation
assignment
restriction
across
Palestinian
laboratory
workshop
differently
romantic
cotton
motor
flavor
overlook
float
undergo
sequence
demonstration
orange
consumption
assert
blade
temporary
medication
print
cabin
relative
edition
valley
yours
pitch
brilliant
versus
manufacturing
Christian
complex
absolute
discrimination
offensive
German
register
appoint
heritage
terrorist
dominant
successfully
lemon
hungry
sense
wander
submit
economics
naked
anticipate
legacy
extension
shrug
battery
arrival
legitimate
orientation
inflation
flame
cluster
wound
dependent
shower
institutional
depict
operating
flesh
garage
operator
instructor
collapse
borrow
furthermore
comedy
mortgage
sanction
civilian
twelve
weekly
habitat
grain
brush
consciousness
devote
crack
measurement
province
seize
ethics
nomination
permission
actress
summit
gifted
frustration
medium
function
physically
grant
distinguish
shore
repeatedly
running
correct
distinct
artistic
discourse
basket
fighting
impressive
competitor
worried
portray
powder
ghost
persuade
moderate
subsequent
continued
cookie
carrier
cooking
frequent
swing
orange
awful
admire
miracle
exceed
rhythm
widespread
killing
lovely
charity
script
tactic
identification
transformation
everyday
headline
crash
venture
invasion
military
nonetheless
adequate
piano
grocery
intensity
exhibit
blanket
margin
principal
quarterback
mouse
concrete
prescription
African-American
chase
document
brick
recruit
patch
consensus
horror
recording
changing
painter
colonial
courage
pregnancy
swear
defeat
reinforce
confusion
slice
occupation
sacred
criminal
formula
cognitive
collective
exact
uncle
square
captain
attribute
homeless
gallery
soccer
defendant
tunnel
fitness
grave
container
virtue
abroad
architect
dramatically
makeup
inquiry
surprisingly
highlight
decrease
indication
anniversary
couch
alliance
hypothesis
boyfriend
compose
legend
regulate
adolescent
shine
upset
remark
resign
reward
gentle
related
organ
lightly
concerning
invent
laughter
northwest
counseling
tight
receiver
ritual
insect
interrupt
salmon
favor
trading
concern
magic
superior
combat
surgeon
acceptable
physics
counsel
brush
jeans
continuous
excited
sculpture
compound
integrate
flour
bitter
slope
presidency
serving
subtle
greatly
bishop
drinking
delay
acceptance
collapse
candy
final
finance
pleased
medal
sponsor
ethical
secondary
export
experimental
midnight
curve
integrity
entitle
evident
logic
essence
exclude
harsh
closet
suburban
greet
favor
interior
corridor
murder
retail
pitcher
march
snake
pitch
excuse
cross
weakness
classical
estimated
T-shirt
online
unemployment
civilization
patient
daily
reverse
missing
correlation
humanity
flash
developer
reliable
excitement
Islam
Roman
stretch
architecture
occasional
administrative
elbow
deadly
Muslim
Hispanic
allegation
confuse
airplane
monthly
Korean
plead
initiate
lecture
sixth
mainstream
suburb
sandwich
unlike
trunk
rumor
implementation
swallow
motivate
render
longtime
restrict
cloth
seemingly
legislative
effectiveness
enforce
reach
inspector
plain
fraud
companion
contend
array
strict
assemble
frankly
burst
hallway
inevitable
southwest
monster
speed
protest
unexpected
obstacle
facilitate
encounter
overwhelming
integration
crystal
recession
written
motive
label
flood
ownership
nightmare
notice
inspection
supervisor
consult
arena
laugh
diagnosis
possession
forgive
consistently
basement
project
drift
drain
prosecution
maximum
announcement
warrior
prediction
bacteria
questionnaire
infrastructure
hurry
privilege
temple
medium
outdoor
and/or
broadcast
random
wrist
curtain
monitor
domain
guilt
cattle
subject
walking
playoff
minimum
fiscal
skirt
hence
database
uncomfortable
execute
ideology
average
welcome
continuing
railroad
endure
radiation
chronic
peaceful
innovation
strain
guitar
replacement
behave
administer
simultaneously
dancer
amendment
guard
transmission
await
retired
trigger
spill
grateful
grace
virtual
response
colony
adoption
slide
indigenous
closed
convict
civilian
towel
modify
particle
award
glance
prize
landing
conduct
boost
alarm
festival
weird
undermine
freshman
sweat
outer
European
drunk
survey
research
separation
traditionally
stuff
govern
southeast
intelligent
wherever
ballot
rhetoric
convinced
driving
vitamin
enthusiasm
accommodate
praise
injure
wilderness
nearby
endless
mandate
pause
excuse
respectively
uncertainty
chaos
short
mechanical
canvas
forty
matter
lobby
profound
format
trait
currency
turkey
reserve
abuse
astronomer
corruption
contractor
apologize
doctrine
genuine
thumb
unity
compromise
horrible
behavioral
exclusive
scatter
commonly
convey
twist
complexity
relieve
suspicion
finish
residence
shame
meaningful
sidewalk
Olympics
technological
signature
pleasant
suspend
rebel
frozen
desire
spouse
fluid
pension
resume
theoretical
sodium
promotion
delicate
forehead
rebuild
bounce
electrical
detective
traveler
click
compensation
signal
attraction
dedicate
altogether
pickup
carve
needle
belly
scare
portfolio
shuttle
invisible
timing
engagement
ankle
transaction
rescue
counterpart
historically
firmly
rider
exhibit
identical
precise
anxious
structural
residential
diagnose
carbohydrate
liberty
poster
theology
nonprofit
crawl
oxygen
handsome
magic
provided
businessman
promising
conscious
determination
donor
pastor
opera
Japanese
frame
acquisition
wildlife
punish
giant
primary
equity
wrong
doorway
departure
elevator
teenage
guidance
happiness
statue
pursuit
repair
decent
clerk
Israeli
envelope
reporting
destination
endorse
exploration
generous
rescue
thereby
overall
indicator
sunlight
feedback
spectrum
purple
laser
reluctant
starting
expertise
practically
program
picture
eating
volunteer
sharply
parade
advocate
realm
strip
cancel
blend
therapist
slice
pizza
recipient
hesitate
accounting
debate
metaphor
candle
handle
worry
judicial
entity
suffering
full-time
garbage
servant
addition
regulatory
diplomatic
elegant
inside
reception
vanish
automatically
trail
necessity
confess
racism
starter
interior
banking
casual
gravity
enroll
diminish
prevention
value
minimize
performer
intent
isolate
inventory
productive
assembly
civic
magnitude
steep
hostage
collector
popularity
alien
dynamic
scary
equation
angel
switch
offering
photography
repair
toilet
disappointed
precious
prohibit
representative
content
realistic
Russian
hidden
command
tender
gathering
outstanding
stumble
lonely
automobile
artificial
abstract
descend
silly
shared
hopefully
readily
cooperate
revolutionary
romance
hardware
pillow
spread
continent
circuit
ruling
shortage
annually
lately
deadline
processing
ranch
coastal
undertake
softly
reserve
burning
verbal
tribal
ridiculous
automatic
diamond
credibility
import
sexually
spring
divine
sentiment
oversee
elder
inspiration
Dutch
quantity
trailer
o'clock
Greek
genius
monument
quest
sacrifice
invitation
accuracy
juror
officially
broker
treasure
loyalty
credit
shock
talented
gasoline
stiff
output
nominee
extended
please
diabetes
toxic
alleged
grief
mysterious
rocket
donate
inmate
tackle
dynamics
senior
dignity
carpet
parental
bubble
buddy
sword
flash
seventh
glory
tightly
protective
faint
queen
dilemma
input
specialize
northeast
shallow
liability
merchant
stadium
improved
bloody
defeat
associated
withdrawal
refrigerator
thoroughly
ancestor
condemn
steam
accent
escape
optimistic
unite
equip
shrimp
homeland
exchange
costume
courtroom
statute
cartoon
besides
productivity
symbolic
bless
agriculture
hostile
conceive
combined
instantly
bankruptcy
vaccine
bonus
collaboration
mixed
opposed
orbit
grasp
patience
spite
tropical
voting
patrol
willingness
position
revelation
jewelry
Cuban
concede
trace
wagon
afterward
spectacular
sheer
prior
immune
reliability
alongside
exotic
fascinating
secure
thigh
drawer
regard
sheep
discourage
coordinator
ideological
runner
secular
intimate
empire
divorce
documentary
neutral
biology
flexible
progressive
conspiracy
catch
casualty
republic
execution
terrific
whale
functional
draft
instinct
teammate
aluminum
whoever
ministry
verdict
instruct
skull
self-esteem
cooperative
manipulate
practitioner
puzzle
mushroom
subsidy
tragic
mathematics
mechanic
respect
earthquake
creativity
safely
underlying
dessert
sympathy
fisherman
incredibly
isolation
eleven
entrepreneur
syndrome
bureau
workplace
ambition
touchdown
utilize
breeze
costly
ambitious
Christianity
presumably
influential
translation
uncertain
dissolve
object
statistical
metropolitan
rolling
aesthetic
spell
insert
booth
helmet
waist
expected
accomplishment
royal
panic
crush
actively
cliff
minimal
fortunately
cocaine
illusion
anonymous
tolerate
appreciation
commissioner
flexibility
instructional
scramble
casino
tumor
decorate
charge
pulse
equivalent
fixed
experienced
donation
diary
sibling
irony
spoon
midst
alley
upset
interact
rival
short-term
punch
hockey
passing
persist
supplier
known
momentum
purse
liquid
elephant
consequently
legislature
associate
franchise
correctly
mentally
foster
bicycle
encouraging
cheat
access
fever
filter
rabbit
exploit
accessible
organism
sensation
partially
upstairs
dried
minimum
conservation
shove
backyard
charter
stove
consent
comprise
reminder
alike
placement
dough
grandchild
reportedly
well-known
surrounding
ecological
outfit
unprecedented
columnist
workout
preliminary
patent
quote
trash
disabled
gross
hormone
texture
counter
pencil
associate
frontier
spray
disclose
custody
banker
beast
interfere
eighth
notebook
outline
attendance
speculation
uncover
behalf
innovative
shark
reward
installation
stimulate
vertical
swimming
fleet
catalog
outsider
sacrifice
desperately
stance
compel
sensitivity
someday
instant
debut
proclaim
worldwide
required
confrontation
colorful
ideal
constitution
trainer
Thanksgiving
scent
stack
eyebrow
cease
inherit
pioneer
organizational
textbook
nasty
shrink
model
emerging
wheat
fierce
envision
rational
kingdom
aisle
weaken
protocol
exclusively
vocal
marketplace
openly
unfair
terrain
deploy
risky
pasta
genre
distract
merit
planner
depressed
chunk
closest
discount
ladder
jungle
migration
breathing
invade
hurricane
retailer
classify
wound
ambassador
density
supportive
curiosity
aggression
stimulus
journalism
robot
flood
likewise
informal
Persian
feather
sphere
tighten
boast
perceived
publicity
major
unfold
well-being
validity
ecosystem
strictly
partial
collar
compliance
streak
supposedly
added
builder
glimpse
premise
specialty
artifact
sneak
monkey
mentor
two-thirds
listener
lightning
legally
sleeve
disappointment
disturb
excessive
high-tech
debris
logical
liberal
socially
parish
slavery
blank
commodity
mineral
hunger
dying
developmental
faster
spare
halfway
equality
cemetery
harassment
deliberately
regret
striking
likelihood
carrot
embarrassed
fucking
cling
isolated
blink
suspicious
wheelchair
squad
eligible
processor
plunge
sponsor
color
demographic
chill
refuge
steer
legislator
rally
programming
cheer
outlet
intact
vendor
thrive
peanut
elaborate
intellectual
conception
auction
steak
comply
triumph
shareholder
comparable
transport
conscience
calculation
considerably
interval
scratch
awake
jurisdiction
inevitably
feminist
constraint
emotionally
expedition
allegedly
compromise
strain
similarity
sprinkle
mortality
philosophical
conversion
patron
municipal
liver
harmony
solely
tolerance
instant
blessing
banana
running
palace
formerly
peasant
grandparent
lawmaker
supermarket
cruise
mobile
plain
calendar
widow
deposit
beard
brake
downtown
screening
impulse
forbid
brutal
predator
voluntary
trouble
valid
forum
dancing
happily
removal
autonomy
enact
round
thread
light
landmark
unhappy
offender
coming
privately
fraction
distinctive
tourism
threshold
routinely
suite
remark
regulator
straw
theological
apart
exhaust
globe
fragile
objection
chemistry
old-fashioned
crowded
circle
blast
prevail
overnight
denial
rental
fantastic
fragment
level
screw
warmth
undergraduate
liquid
headache
policeman
yield
projection
battle
suitable
mention
graduation
drill
cruel
mansion
regard
grape
authorize
cottage
driveway
charm
sexuality
loyal
pound
balloon
invention
homework
guarantee
availability
radar
frown
regain
leave
permit
sweater
rehabilitation
rubber
retreat
molecule
freely
favorable
steadily
veteran
integrated
youngster
broadcast
premium
accountability
overwhelm
one-third
contemplate
update
spark
ironically
fatigue
beyond
speculate
marker
preach
bucket
blond
confession
provoke
marble
substantially
twist
defender
explicit
transport
disturbing
surveillance
magnetic
technician
mutter
devastating
depart
arrow
trauma
neighboring
ribbon
meantime
transmit
screen
harvest
consecutive
republican
coordinate
worldwide
within
nutrient
citizenship
severely
sovereignty
ridge
brave
lighting
specify
contributor
frustrate
crowd
articulate
importantly
transit
dense
seminar
electronics
sunny
shorts
swell
accusation
soften
photograph
straighten
terribly
sudden
bride
biography
hazard
compelling
seldom
economically
honestly
troubled
twentieth
balanced
foreigner
launch
convenience
delight
weave
timber
accurately
flying
sustainable
devil
cargo
spine
seller
skilled
managing
public
marine
organized
diplomat
boring
sometime
summary
missionary
epidemic
fatal
warehouse
accelerate
butterfly
bronze
drown
inherent
praise
nationwide
harvest
kneel
vacuum
selected
dictate
stereotype
sensor
laundry
manual
pistol
naval
plaintiff
middle-class
apology
iness
issue
black
little
house
after
since
provide
service
around
friend
important
father
until
power
often
political
among
stand
however
member
almost
include
continue
later
community
white
least
president
learn
change
minute
several
information
nothing
right
social
understand
whether
watch
together
follow
around
parent
anything
create
public
already
speak
others
level
allow
office
spend
health
person
history
party
within
result
change
morning
reason
research
early
before
moment
himself
teacher
force
offer
enough
education
across
although
remember
second
maybe
toward
policy
everything
process
music
including
consider
appear
actually
probably
human
serve
market
expect
sense
build
nation
college
interest
death
course
someone
experience
behind
reach
local
remain
effect
suggest
class
control
raise
perhaps
little
field
former
major
sometimes
require
along
development
themselves
report
better
economic
effort
decide
strong
possible
heart
leader
light
voice
whole
police
finally
return
military
price
report
according
decision
explain
develop
relationship
carry
drive
federal
break
better
difference
thank
receive
value
international
building
action
model
season
society
because
director
early
position
player
agree
especially
record
paper
special
space
ground
support
event
official
whose
matter
everyone
center
couple
project
activity
table
court
produce
American
teach
situation
industry
figure
street
image
itself
phone
either
cover
quite
picture
clear
practice
piece
recent
describe
product
doctor
patient
worker
movie
certain
north
personal
support
simply
third
technology
catch
computer
attention
Republican
source
nearly
organization
choose
cause
point
century
evidence
window
difficult
listen
culture
billion
chance
brother
energy
period
course
summer
realize
hundred
available
plant
likely
opportunity
short
letter
condition
choice
place
single
daughter
administration
south
husband
Congress
floor
campaign
material
population
economy
medical
hospital
church
close
thousand
current
future
wrong
involve
defense
anyone
increase
security
myself
certainly
sport
board
subject
officer
private
behavior
performance
fight
throw
quickly
second
order
author
represent
focus
foreign
blood
agency
nature
color
recently
store
reduce
sound
before
movement
enter
share
common
other
natural
concern
series
significant
similar
language
usually
response
animal
factor
decade
article
shoot
seven
artist
scene
stock
career
despite
central
eight
treatment
beyond
happy
exactly
protect
approach
serious
occur
media
ready
thought
individual
simple
quality
pressure
accept
answer
resource
identify
meeting
determine
prepare
disease
whatever
success
argue
particularly
amount
ability
staff
recognize
indicate
character
growth
degree
wonder
attack
herself
region
television
training
pretty
trade
election
everybody
physical
general
feeling
standard
message
outside
arrive
analysis
benefit
forward
lawyer
present
section
environmental
glass
answer
skill
sister
professor
operation
financial
crime
stage
compare
authority
design
knowledge
station
state
strategy
little
clearly
discuss
indeed
force
truth
example
democratic
check
environment
public
various
rather
laugh
guess
executive
study
prove
entire
design
enough
forget
since
claim
remove
manager
close
sound
enjoy
network
legal
religious
final
science
green
memory
above
establish
trial
expert
spring
Democrat
radio
visit
management
avoid
imagine
tonight
close
finish
yourself
theory
impact
respond
statement
maintain
charge
popular
traditional
reveal
direction
weapon
employee
cultural
contain
peace
control
apply
measure
shake
interview
manage
chair
particular
camera
structure
politics
perform
weight
suddenly
discover
candidate
production
treat
evening
affect
inside
conference
style
adult
worry
range
mention
rather
individual
specific
writer
trouble
necessary
throughout
challenge
shoulder
institution
middle
dream
beautiful
property
instead
improve
stuff
detail
method
somebody
magazine
hotel
soldier
reflect
heavy
sexual
cause
marriage
tough
surface
purpose
exist
pattern
agent
owner
machine
ahead
generation
commercial
address
cancer
reality
coach
violence
total
investment
discussion
finger
garden
notice
collection
modern
partner
positive
civil
kitchen
consumer
budget
painting
scientist
agreement
capital
mouth
victim
newspaper
instead
threat
responsibility
smile
attorney
score
account
interesting
break
audience
dinner
figure
western
relate
travel
debate
prevent
citizen
majority
front
admit
senior
assume
professional
mission
alone
customer
suffer
speech
successful
option
participant
southern
fresh
eventually
forest
video
global
Senate
reform
access
restaurant
judge
publish
relation
release
opinion
credit
critical
corner
concerned
recall
version
stare
safety
effective
neighborhood
original
troop
income
directly
species
immediately
track
basic
strike
freedom
absolutely
plane
nobody
achieve
object
attitude
labor
refer
concept
client
powerful
perfect
therefore
conduct
announce
conversation
examine
touch
please
attend
completely
variety
sleep
involved
investigation
nuclear
researcher
press
conflict
spirit
experience
replace
British
encourage
argument
brain
feature
afternoon
weekend
dozen
possibility
along
insurance
department
battle
beginning
generally
African
sorry
crisis
complete
stick
define
easily
through
element
vision
status
normal
Chinese
solution
stone
slowly
scale
university
introduce
driver
attempt
drink
front
distance
handle
truck
return
mountain
survey
supposed
tradition
winter
village
Soviet
refuse
sales
communication
screen
resident
future
potential
increase
middle
European
presence
independent
district
shape
reader
contract
crowd
Christian
express
apartment
willing
strength
previous
obviously
horse
interested
target
prison
guard
terms
demand
reporter
deliver
share
vehicle
observe
flight
inside
facility
understanding
average
emerge
advantage
quick
light
leadership
pound
basis
bright
operate
guest
sample
contribute
block
protection
settle
collect
additional
while
highly
identity
title
mostly
lesson
faith
river
promote
living
present
count
unless
marry
tomorrow
technique
order
principle
survive
border
competition
gather
limit
claim
equipment
worth
associate
critic
aspect
result
insist
failure
annual
French
Christmas
comment
responsible
affair
approach
until
procedure
regular
spread
chairman
baseball
ignore
measure
belief
demonstrate
anybody
murder
religion
review
editor
engage
coffee
document
speed
cross
influence
anyway
threaten
commit
female
youth
afraid
quarter
background
native
broad
wonderful
apparently
slightly
reaction
twice
perspective
growing
construction
intelligence
destroy
connection
charge
grade
context
committee
mistake
focus
smile
location
clothes
Indian
quiet
dress
promise
aware
neighbor
complete
drive
function
active
extend
chief
average
combine
below
voter
demand
learning
dangerous
remind
moral
United
category
relatively
victory
academic
visit
Internet
healthy
negative
following
historical
medicine
depend
photo
finding
direct
classroom
contact
justice
participate
daily
famous
exercise
flower
familiar
appropriate
supply
fully
actor
birth
search
democracy
eastern
primary
yesterday
circle
device
progress
front
bottom
island
exchange
clean
studio
train
colleague
application
damage
plastic
plate
otherwise
writing
press
start
alive
expression
football
intend
attack
chicken
abuse
theater
extra
session
danger
welcome
domestic
literature
desire
assessment
injury
respect
northern
paint
direct
Russian
instruction
fight
climb
sweet
engine
fourth
expand
importance
metal
ticket
software
disappear
corporate
strange
reading
urban
mental
increasingly
lunch
educational
somewhere
farmer
above
sugar
planet
favorite
explore
obtain
enemy
greatest
complex
surround
athlete
invite
repeat
carefully
scientific
impossible
panel
meaning
married
alone
instrument
predict
weather
presidential
emotional
commitment
Supreme
pocket
temperature
surprise
proposal
consequence
breath
sight
cover
balance
adopt
minority
straight
attempt
connect
works
teaching
belong
advice
photograph
empty
regional
trail
novel
somehow
organize
breast
Iraqi
human
acknowledge
theme
storm
union
record
thanks
fruit
under
expensive
yellow
conclusion
prime
shadow
struggle
conclude
analyst
dance
limit
regulation
being
largely
shift
revenue
locate
county
appearance
package
difficulty
bridge
recommend
obvious
train
basically
e-mail
generate
anymore
propose
thinking
possibly
trend
visitor
currently
comfortable
investor
profit
angry
accident
hearing
traffic
muscle
notion
capture
prefer
truly
earth
Japanese
chest
search
thick
museum
beauty
emergency
unique
feature
internal
ethnic
stress
content
select
declare
outside
appreciate
actual
bottle
hardly
setting
launch
dress
outcome
defend
matter
judge
sheet
ought
ensure
Catholic
extremely
extent
component
long-term
contrast
challenge
airport
chief
brown
standard
shirt
pilot
ultimately
contribution
capacity
ourselves
estate
guide
circumstance
English
politician
steal
pursue
percentage
funny
neither
influence
surgery
correct
Jewish
blame
estimate
basketball
investigate
crazy
significantly
chain
address
branch
combination
frequently
governor
relief
manner
ancient
silence
rating
golden
motion
German
gender
solve
landscape
equal
official
forth
frame
typical
except
conservative
eliminate
trust
ocean
score
producer
afford
meanwhile
regime
division
confirm
appeal
mirror
tooth
smart
length
entirely
topic
complain
issue
variable
range
telephone
perception
attract
confidence
bedroom
secret
nurse
coverage
opposition
aside
anywhere
pleasure
master
requirement
check
stand
expectation
separate
clear
struggle
somewhat
judgment
clean
except
English
reference
doubt
grant
seriously
account
minister
totally
industrial
cloud
stretch
winner
volume
travel
surprised
fashion
pepper
separate
intervention
below
cheap
welfare
vegetable
beach
improvement
everywhere
opening
overall
divide
initial
terrible
oppose
contemporary
route
multiple
essential
question
league
criminal
careful
upper
necessarily
specifically
tired
employ
holiday
dance
resolution
household
fewer
abortion
apart
witness
match
barely
sector
representative
beneath
beside
black
incident
limited
proud
faculty
increased
waste
merely
emphasize
experiment
definitely
enormous
liberal
massive
engineer
wheel
female
decline
invest
promise
cable
towards
expose
rural
narrow
cream
secretary
solid
typically
noise
grass
unfortunately
legislation
succeed
either
celebrate
achievement
fishing
drink
accuse
useful
secret
reject
talent
taste
characteristic
escape
sentence
unusual
closely
convince
height
physician
assess
sleep
plenty
virtually
first
addition
sharp
creative
lower
behind
approve
explanation
outside
campus
proper
guilty
living
acquire
compete
technical
potential
immigrant
illegal
alternative
interaction
column
personality
signal
curriculum
honor
passenger
assistance
forever
regard
Israeli
association
twenty
knock
review
offer
display
criticism
asset
depression
spiritual
musical
journalist
prayer
suspect
scholar
warning
climate
cheese
observation
childhood
payment
permit
cigarette
definition
priority
bread
creation
graduate
request
emotion
scream
dramatic
universe
excellent
deeply
prosecutor
green
lucky
airline
library
agenda
recover
factory
selection
primarily
unable
expense
initiative
arrest
funding
therapy
schedule
brief
housing
purchase
existing
steel
regarding
shout
remaining
visual
fairly
violent
silent
suppose
perceive
comparison
settlement
layer
planning
description
later
slide
widely
wedding
inform
portion
territory
immediate
opponent
abandon
transform
tension
display
leading
bother
consist
alcohol
enable
saving
desert
shall
error
release
double
Spanish
print
preserve
passage
formal
transition
existence
album
participation
arrange
atmosphere
joint
reply
cycle
opposite
whole
deserve
consistent
resistance
discovery
exposure
stream
trust
benefit
grand
hello
coalition
knife
resolve
racial
phase
present
Mexican
symptom
contact
manufacturer
philosophy
potato
interview
foundation
quote
online
negotiation
occasion
breathe
elect
investigator
jacket
ordinary
reduction
rarely
shift
suicide
numerous
touch
substance
discipline
elsewhere
practical
moreover
passion
volunteer
implement
essentially
enforcement
sauce
independence
marketing
priest
amazing
intense
advance
employer
shock
inspire
adjust
retire
visible
illness
habit
competitive
juice
congressional
involvement
dominate
previously
whenever
transfer
analyze
another
attach
Indian
disaster
parking
prospect
complaint
championship
coach
exercise
fundamental
severe
enhance
mystery
impose
poverty
other
entry
spending
evaluate
symbol
still
trade
maker
accomplish
emphasis
illustrate
monitor
Asian
entertainment
evaluation
creature
commander
digital
arrangement
concentrate
total
usual
anger
psychological
heavily
approximately
increasing
disorder
missile
equally
round
distribution
transportation
command
commission
interpretation
breakfast
strongly
engineering
so-called
constant
clinic
veteran
smell
tablespoon
capable
nervous
tourist
light
crucial
tomato
exception
butter
deficit
bathroom
objective
block
electronic
journey
reputation
mixture
surely
tower
smoke
confront
glance
dimension
prisoner
fellow
smooth
nearby
designer
personnel
shape
educator
relative
immigration
teaspoon
birthday
implication
perfectly
coast
supporter
accompany
silver
teenager
recognition
retirement
recovery
whisper
watch
gentleman
inner
junior
rather
throat
salary
swing
observer
straight
publication
pretty
