limited
similarity
magnetic
dynamic
protest
controversial
mansion
grandparent
captain
integrity
aggression
founder
eligible
electricity
disability
teaspoon
teaching
merchant
hormone
blanket
regional
uncertain
encounter
disturb
scholar
investigator
conceive
solution
convenience
cholesterol
enhance
straight
triumph
clothes
charter
bicycle
consistent
japanese
elegant
persuade
estimated
cooking
liberty
spokesman
conduct
supplier
increasing
officially
specialist
simultaneously
reporter
protection
pursuit
interpret
celebration
substance
daughter
auction
elaborate
economics
controversy
military
suitable
punishment
criticism
fantastic
projection
campaign
replace
psychological
visible
diabetes
cocaine
landscape
palestinian
hospital
motivate
negative
therefore
recommend
survive
assessment
breathe
successful
excellent
accomplishment
gasoline
install
already
example
household
organized
involve
currency
counseling
attract
guarantee
ceremony
autonomy
recovery
provide
feature
machine
amazing
significance
interview
ordinary
ancestor
classify
minority
summary
loyalty
curiosity
president
meaningful
nonprofit
purchase
attempt
effective
appreciate
headquarters
complexity
maintain
ultimate
correlation
democratic
restriction
interpretation
feedback
consent
missionary
suspend
innovative
bombing
personal
striking
writing
production
compelling
differently
persist
overcome
emphasize
eventually
tourist
combination
fragment
weakness
workout
elementary
therapy
interrupt
altogether
tourism
structural
rhetoric
automobile
explode
victory
reasonable
fitness
prohibit
financial
telescope
trading
substantially
laboratory
collector
contend
network
driving
crucial
content
encourage
comprehensive
medicine
surprise
independence
foundation
perception
barrier
associate
standard
management
formation
struggle
estimate
widespread
enormous
refugee
signature
industrial
researcher
primary
hearing
restrict
fantasy
instruct
another
electronic
illustrate
basketball
service
similarly
engagement
historian
approximately
fiction
compromise
percentage
ceiling
collapse
happily
western
somewhat
symptom
distance
anxiety
frankly
surrounding
project
historical
feeling
acquisition
fashion
willingness
spectrum
stomach
regulate
seminar
relatively
strength
genuine
hispanic
climate
responsible
isolated
educator
transmit
effectiveness
quarterback
acquire
regular
episode
observation
professor
devastating
reputation
principle
enterprise
consumer
reserve
incorporate
selected
inspire
visitor
jurisdiction
participate
availability
northeast
consciousness
headline
explain
sentence
screening
integrate
announce
adequate
boyfriend
personality
mixture
colorful
endorse
perceive
wedding
passing
architecture
release
implication
automatic
secretary
respond
ethical
disaster
reference
sensitivity
testing
disturbing
subject
capacity
gentleman
artificial
grandmother
olympics
cooperation
hopefully
approach
discovery
preserve
warrior
nationwide
confusion
handful
however
southeast
improve
essentially
outcome
country
uncertainty
against
receiver
distinction
contribution
expense
negotiation
suggest
presumably
cemetery
epidemic
initiative
pregnancy
conference
bathroom
quickly
subsidy
confident
trigger
interest
privilege
flexible
location
mushroom
eastern
concerning
dismiss
personally
physician
exception
publicly
transformation
suppose
balance
procedure
mistake
metropolitan
characterize
disappear
perform
apparently
forehead
complex
potentially
inventory
vegetable
several
european
independent
satellite
delight
ownership
opportunity
shortly
scenario
inherit
academic
contact
greatest
corporate
musical
authorize
protocol
proposed
unemployment
athletic
foreigner
distribute
identify
mechanism
previous
candidate
photographer
character
teenager
innocent
technological
supervisor
humanity
municipal
survival
possible
possibly
cultural
background
destroy
advanced
shoulder
dignity
patience
specific
officer
security
attorney
envision
stereotype
successfully
somehow
elderly
election
harassment
library
creative
everything
convict
christmas
participation
marketing
discount
confrontation
defensive
manufacturing
chapter
limitation
donation
surround
essential
magazine
dedicate
afternoon
horizon
steadily
slightly
sweater
automatically
respondent
formerly
facility
profession
intellectual
administer
entrepreneur
doctrine
balanced
stumble
support
initial
legislation
transform
sunlight
gallery
fucking
clinical
fraction
offering
statute
landing
failure
analyst
counsel
harmony
maximum
crystal
decorate
emotional
accelerate
diagnose
passenger
medication
liberal
classic
abstract
tournament
textbook
evidence
sometime
expertise
accounting
physical
whereas
generally
reality
setting
republic
ambitious
digital
warehouse
picture
welcome
journey
businessman
variable
weekend
billion
apology
painting
interval
together
reception
serious
precise
concept
remarkable
whoever
relieve
emerging
integration
manager
grateful
certainly
suicide
technique
passage
environment
finally
sovereignty
retreat
southwest
division
protective
advantage
seemingly
liability
anonymous
trouble
perceived
impressive
policeman
fragile
brother
theological
sidewalk
prevent
spiritual
revolution
discover
bacteria
educate
constitution
assistance
uniform
current
suspect
international
satisfy
explosion
mechanic
funeral
understanding
contemplate
baseball
twentieth
address
teacher
canadian
brilliant
wherever
commonly
suggestion
usually
teenage
regardless
logical
flexibility
touchdown
everybody
working
positive
tightly
opposed
criteria
associated
theoretical
prosecutor
entrance
acceptable
curriculum
envelope
validity
chocolate
downtown
everywhere
instructional
originally
pretend
abortion
awareness
following
laughter
performer
predict
attribute
council
exclude
offense
provoke
clothing
productive
fortunately
discussion
chemical
elephant
absolute
economy
product
designer
laundry
sacrifice
southern
islamic
membership
produce
nomination
classroom
natural
remember
commodity
conscious
whenever
wheelchair
explicit
deposit
african
representation
gesture
typical
exclusive
serving
midnight
adoption
stability
statistical
dilemma
tendency
monitor
acknowledge
interesting
presence
platform
suspicion
troubled
instantly
finance
thereby
civilian
introduce
indigenous
wealthy
provision
discuss
possess
accommodate
execute
equality
servant
realistic
peasant
fisherman
entirely
quarter
significantly
persian
sponsor
sexually
assumption
morning
description
ultimately
accomplish
container
furthermore
factory
increase
seriously
investigation
rational
internet
formula
dominate
correct
inevitably
monster
lawmaker
million
seventh
possibility
complicated
besides
obligation
inevitable
advance
training
language
ministry
transition
programming
british
initiate
massive
invitation
promotion
childhood
frequent
emotion
constantly
revenue
symbolic
yourself
directly
spanish
impossible
message
tomorrow
engineer
necessarily
district
plastic
indicate
conservation
convention
legally
allegedly
continuous
accurately
artifact
broadcast
ridiculous
specify
population
television
analyze
unfortunately
depressed
require
crowded
diplomatic
recruit
venture
aesthetic
counselor
prospect
gathering
illness
argument
overnight
conspiracy
breakfast
recover
calendar
conversion
efficient
veteran
isolate
terrific
equipment
emphasis
potential
interior
performance
channel
butterfly
ironically
multiple
opposite
molecule
specialty
assault
importantly
freshman
forever
operate
especially
surprising
average
managing
nuclear
professional
typically
quantity
detective
walking
contemporary
therapist
threshold
aggressive
treasure
proportion
texture
enthusiasm
congressional
dispute
hostage
assistant
horrible
expectation
boundary
celebrate
secondary
regarding
resource
aluminum
leather
worried
uncover
husband
concert
physically
relative
actively
college
parking
surgery
concern
israeli
voluntary
mortgage
federal
subsequent
outside
between
yesterday
reading
arrival
infrastructure
vertical
parental
supermarket
killing
concentrate
article
interfere
undermine
reaction
installation
talented
residence
according
contract
somewhere
columnist
workplace
senator
expression
satisfaction
exploit
learning
moreover
custody
unusual
teammate
capable
stretch
rebuild
vacation
concede
tropical
workshop
combined
peaceful
helicopter
direction
shopping
confuse
thousand
blessing
observe
minister
careful
consultant
conception
straighten
warning
ongoing
promising
newspaper
situation
orientation
telephone
commander
cluster
evening
embrace
protein
property
technology
everyday
different
develop
surveillance
inquiry
reminder
document
disappointment
exhaust
extended
closest
companion
director
running
delicate
changing
totally
tradition
mentally
theater
largely
minimize
constitutional
roughly
without
coordinate
dimension
scholarship
outdoor
actress
violent
halfway
announcement
feminist
thinking
improvement
instrument
interested
treatment
extensive
momentum
kingdom
spectacular
inflation
traffic
preference
railroad
execution
recipient
calculate
furniture
accusation
fortune
stranger
collective
miracle
lightning
annually
chamber
benefit
competition
slavery
shallow
astronomer
questionnaire
provided
confirm
colonial
conservative
pioneer
critical
deficit
provider
moderate
football
assembly
scientific
business
intimate
equivalent
communicate
leadership
assemble
exciting
manufacturer
comparison
central
package
industry
violence
favorite
practical
addition
airline
neighbor
testimony
processor
quietly
burning
communication
skilled
rolling
involvement
homeless
apologize
operator
intervention
prepare
strictly
alleged
christianity
complete
pitcher
cabinet
cottage
promote
feather
handsome
romantic
rehabilitation
organize
politically
detailed
citizenship
certain
describe
general
imagination
examine
reliability
girlfriend
lifetime
casualty
personnel
storage
graduate
acceptance
briefly
championship
congress
separate
shelter
important
coverage
alcohol
building
dramatic
behavioral
nutrient
resolution
original
external
represent
consider
chinese
suburban
deadline
cooperative
welfare
settlement
religious
reluctant
glimpse
apartment
hunting
removal
program
present
presentation
appointment
psychologist
difference
condition
stimulus
celebrity
developing
grandfather
biological
economically
neighborhood
invention
perspective
investment
conscience
darkness
section
anniversary
version
contrast
movement
christian
component
supposedly
operating
tragedy
publisher
conviction
difficulty
compliance
experience
soldier
airport
advertising
specialize
trainer
suddenly
transit
sanction
establish
legislator
readily
conventional
attendance
proceed
distinct
revelation
destination
mysterious
diamond
company
emission
basically
impulse
particular
offender
science
equation
coalition
dramatically
abandon
scramble
history
beautiful
compare
adviser
credibility
minimum
station
airplane
species
biography
condemn
information
comfort
utilize
occasionally
earnings
creature
sprinkle
sandwich
reflect
catalog
lighting
adventure
faculty
invasion
response
fascinating
criticize
resemble
register
departure
responsibility
fundamental
pleasure
mexican
essence
mission
disabled
attitude
scientist
through
committee
existence
radiation
drinking
developer
rapidly
taxpayer
actually
absence
colleague
someone
somebody
propose
socially
predator
encouraging
framework
compound
speculate
complain
association
mystery
desperately
pregnant
philosophical
capability
inherent
friendship
trailer
everyone
upstairs
generation
democrat
connect
undertake
measurement
operation
insurance
funding
psychology
testify
publish
research
sustain
longtime
evaluation
highway
circumstance
forgive
pleasant
extraordinary
qualify
imagine
beginning
generate
revolutionary
definition
terrible
enforce
terribly
american
circuit
leading
consequence
undergo
radical
olympic
sympathy
unexpected
elevator
traveler
temperature
introduction
divorce
interact
construct
cartoon
regulation
wonderful
statement
hundred
headache
relationship
immediate
prediction
appreciation
transaction
favorable
consult
translation
believe
convinced
grocery
mortality
anticipate
instruction
recording
architect
supposed
declare
motivation
nominee
outstanding
strengthen
alongside
substantial
contest
concentration
vulnerable
mountain
depending
majority
internal
chairman
finding
province
towards
electric
cigarette
coastal
shareholder
significant
nothing
extremely
achievement
mineral
sometimes
traditional
artistic
justify
physics
particularly
phenomenon
session
relation
carefully
routinely
occupation
indicator
northern
justice
nervous
unhappy
penalty
dominant
meanwhile
dependent
secular
express
courage
valuable
closely
basement
resolve
progressive
proclaim
banking
investigate
activity
sustainable
overwhelm
intelligence
culture
defense
migration
portrait
preparation
distinctive
currently
various
marriage
numerous
corruption
available
recently
missing
initially
attention
incident
succeed
opposition
distinguish
remaining
observer
legislature
prescription
reverse
license
restaurant
oversee
foreign
sensitive
connection
objective
context
approve
experimental
consume
battery
community
village
throughout
expensive
decline
monthly
overlook
political
strategy
reduction
maintenance
threaten
territory
meeting
dialogue
suspicious
champion
ecosystem
understand
representative
instructor
politician
judicial
reliable
tolerate
governor
technical
sexuality
behavior
century
obstacle
anymore
discourse
virtually
corridor
composition
conflict
development
hallway
literature
temporary
backyard
regulator
assignment
negotiate
traditionally
purpose
necessity
database
dancing
anybody
analysis
obviously
concrete
withdraw
thoroughly
landmark
organization
chemistry
prevention
ambassador
competitive
retired
alternative
continent
discipline
retirement
presidency
informal
disappointed
admission
education
exclusively
contractor
deliberately
exhibition
homeland
administrative
excited
surprised
complaint
emergency
evaluate
advocate
suffering
cognitive
confront
consensus
collect
continue
indication
popular
disorder
healthy
premium
absolutely
creation
economic
speculation
curious
ourselves
gradually
jewelry
decision
thanksgiving
audience
religion
civilization
eliminate
innovation
minimal
patient
processing
continuing
agreement
nowhere
intense
vaccine
wildlife
anything
constraint
graduation
replacement
consequently
silence
pollution
accessible
reinforce
retailer
appropriate
primarily
contributor
bankruptcy
statistics
classical
spending
question
specifically
accountability
refrigerator
heritage
forward
translate
opponent
considerably
himself
elsewhere
immigration
properly
repeatedly
russian
considerable
consist
characteristic
exploration
highlight
similar
medical
popularity
constant
expedition
likewise
influence
commissioner
coordinator
engineering
diverse
organizational
prevail
objection
occasional
application
definitely
electrical
transport
theology
department
apparent
reportedly
developmental
tablespoon
prosecution
meaning
reservation
cooperate
structure
fighter
practically
organism
required
narrative
partial
scratch
resistance
existing
adjustment
compose
concerned
literary
include
friendly
ingredient
breathing
mainstream
dessert
surgeon
continued
arrange
severely
transmission
descend
anxious
verdict
comprise
inspection
challenge
someday
sensation
uncomfortable
defender
dynamics
depression
consistently
experiment
capital
exercise
exchange
respectively
commercial
growing
explore
poverty
separation
consideration
fifteen
extreme
convert
survivor
receive
involved
dissolve
implementation
grandchild
opinion
implement
guidance
confession
private
decrease
privately
scandal
manipulate
standing
confidence
metaphor
consumption
illegal
guideline
calculation
examination
vehicle
themselves
consecutive
historically
defendant
possession
musician
impress
infection
missile
deserve
sharply
harvest
starter
charity
customer
account
athlete
recession
anywhere
obvious
freedom
scatter
control
process
effectively
something
publicity
pleased
ideology
educational
syndrome
democracy
permission
arrangement
instead
establishment
greatly
profile
tension
administrator
hesitate
franchise
philosophy
collection
notebook
fatigue
counter
element
honestly
swimming
producer
institutional
ambition
despite
including
costume
agricultural
perfect
superior
meantime
permanent
youngster
criminal
practice
functional
mention
courtroom
mandate
republican
investor
realize
presidential
profound
intelligent
university
magnitude
shortage
beneath
experienced
determine
related
constitute
society
frequency
variety
measure
agriculture
special
category
sentiment
entertainment
confess
activist
lecture
electronics
integrated
disclose
planner
withdrawal
completely
regulatory
likelihood
afterward
interaction
organic
hostile
counterpart
conversation
birthday
facilitate
stimulate
powerful
strategic
embarrassed
precisely
quality
legislative
ancient
publication
privacy
festival
unknown
priority
perfectly
painful
enforcement
accompany
explanation
exactly
environmental
diminish
overwhelming
herself
institution
outline
photograph
isolation
compensation
individual
sculpture
exhibit
lightly
partnership
comfortable
tonight
unlikely
dictate
demonstration
clearly
catholic
gravity
incentive
instance
accuracy
worldwide
collaboration
preliminary
prisoner
sophisticated
segment
payment
discourage
placement
neighboring
request
disease
mechanical
occasion
normally
impression
atmosphere
selection
violation
planning
bedroom
portfolio
chicken
economist
supporter
principal
knowledge
employer
employee
achieve
regularly
insight
plaintiff
familiar
photography
overall
listener
legitimate
probably
endless
evolution
tobacco
tolerance
married
eyebrow
allegation
contain
requirement
national
terrain
immigrant
edition
intensity
computer
driveway
desperate
pattern
nightmare
participant
written
identification
correctly
routine
progress
neither
comparable
ability
opening
importance
deliver
vitamin
efficiency
hypothesis
approval
precious
lawsuit
problem
instant
aircraft
doorway
swallow
otherwise
comment
strongly
relevant
premise
conclude
marketplace
invisible
respect
undergraduate
outsider
attraction
tremendous
discrimination
genetic
willing
entitle
recognize
curtain
proposal
kitchen
diversity
sufficient
protect
accident
improved
painter
volunteer
holiday
appearance
influential
resident
surprisingly
surface
hardware
optimistic
politics
partner
inspector
portray
capture
terrorist
productivity
perhaps
balloon
administration
romance
strange
speaker
northwest
shuttle
terrorism
difficult
tighten
material
practitioner
emotionally
reporting
disagree
student
frequently
judgment
identity
destruction
correspondent
reflection
nevertheless
builder
incredible
fighting
thought
command
english
position
drawing
restore
excessive
heavily
increasingly
accurate
executive
domestic
underlying
distant
fishing
transportation
happiness
generous
density
residential
demographic
combine
attractive
citizen
unprecedented
homework
identical
increased
government
historic
whatever
mathematics
immediately
prominent
necessary
helpful
success
journalism
journalist
italian
amendment
because
habitat
sequence
authority
recommendation
supportive
employment
recognition
competitor
literally
hurricane
passion
biology
schedule
journal
expansion
pressure
although
instinct
lifestyle
extension
universe
carrier
documentary
software
equally
alliance
wilderness
previously
creativity
commitment
articulate
chronic
playoff
weather
promise
utility
additional
adolescent
commission
transfer
housing
intention
frustration
inspiration
naturally
function
stadium
delivery
expected
neutral
construction
technician
squeeze
violate
partially
evident
whether
dangerous
official
particle
distract
excitement
garbage
convince
monument
demonstrate
distribution
display
supreme
whisper
universal
contribute
carbohydrate
sibling
shooting
diplomat
nonetheless
corporation
offensive
virtual
witness
incredibly
illusion
conclusion
variation
frustrate
ecological
exposure
appoint
starting
frontier
earthquake
portion
compete
pension
diagnosis
ideological
determination
