limited
similarity
magnetic
dynamic
yellow
protest
controversial
mansion
grandparent
captain
integrity
aggression
forget
founder
eligible
electricity
disability
teaspoon
teaching
merchant
hormone
rescue
blanket
regional
govern
affect
encounter
school
scholar
investigator
wooden
conceive
solution
convenience
cholesterol
enhance
reliable
triumph
clothes
charter
bicycle
consistent
direct
elegant
second
street
estimated
monster
cooking
liberty
spokesman
conduct
supplier
increasing
officially
specialist
simultaneously
reporter
protection
studio
pursuit
active
interpret
violate
substance
daughter
auction
elaborate
economics
controversy
credit
mentor
permit
military
suitable
punishment
diplomat
criticism
golden
invasion
divide
campaign
replace
county
visible
diabetes
glance
cocaine
landscape
metropolitan
palestinian
carpet
hospital
motivate
negative
foster
therefore
recommend
strike
survive
assessment
breathe
successful
expose
excellent
characterize
pursue
accomplishment
gasoline
obstacle
modify
install
already
example
transition
estate
household
organized
involve
currency
counseling
attract
guarantee
ceremony
autonomy
recovery
provide
travel
feature
machine
amazing
significance
answer
ordinary
ancestor
classify
massive
minority
beauty
ladder
summary
loyalty
modest
fragile
curiosity
president
meaningful
excited
purchase
attempt
effective
appreciate
headquarters
stimulate
patent
complexity
maintain
ultimate
correlation
democratic
emotion
interpretation
feedback
office
devote
consent
missionary
suspend
innovative
before
forehead
personal
striking
writing
better
production
compelling
differently
persist
hidden
overcome
emphasize
versus
eventually
coffee
tourist
combination
fragment
weakness
workout
disturb
therapy
interrupt
altogether
tourism
silver
structural
rhetoric
oxygen
automobile
explode
victory
reasonable
fitness
prohibit
financial
telescope
independent
series
trading
substantially
laboratory
collector
contend
network
driving
specialty
crucial
content
encourage
reader
medicine
surprise
independence
foundation
perception
barrier
associate
standard
management
formation
struggle
estimate
widespread
enormous
refugee
ritual
filter
oppose
signature
industrial
render
researcher
primary
hearing
restrict
fantasy
instruct
another
electronic
illustrate
inmate
agriculture
basketball
service
similarly
engagement
historian
approximately
fiction
master
architect
percentage
bitter
listen
ceiling
murder
collapse
radiation
happily
japanese
western
somewhat
symptom
distance
anxiety
target
frankly
surrounding
likely
project
matter
persuade
endure
historical
feeling
solely
brilliant
acquisition
bridge
fashion
willingness
runner
modern
spectrum
manner
stomach
regulate
seminar
relatively
strength
genuine
allegedly
concrete
climate
latter
responsible
isolated
casual
client
educator
transmit
effectiveness
quarterback
nobody
though
object
regular
letter
singer
stupid
episode
observation
professor
devastating
treaty
reputation
principle
enterprise
voting
consumer
notion
reserve
incorporate
selected
inspire
hunger
visitor
retire
participate
subtle
availability
northeast
consciousness
headline
explain
unemployment
upstairs
screening
integrate
announce
adequate
boyfriend
personality
assignment
mixture
colorful
endorse
perceive
pocket
wedding
report
comply
passing
method
softly
architecture
boring
release
implication
automatic
secretary
respond
ethical
disaster
reference
sensitivity
testing
resist
result
cattle
disturbing
subject
capacity
gentleman
artificial
grandmother
unable
olympics
finger
cooperation
hopefully
previous
approach
discovery
preserve
warrior
extend
nature
confusion
handful
however
southeast
extent
cousin
improve
essentially
accident
country
uncertainty
against
receiver
distinction
contribution
expense
negotiation
presumably
epidemic
height
initiative
pregnancy
conference
bathroom
quickly
subsidy
commission
trigger
monkey
interest
privilege
flexible
celebration
warmth
location
mushroom
eastern
concerning
dismiss
worker
personally
physician
exception
publicly
transformation
employ
suppose
balance
procedure
mistake
olympic
player
tissue
brutal
plunge
disappear
perform
suggest
acquire
airport
beside
complex
potentially
inventory
vegetable
several
european
fairly
satellite
delight
suburb
depict
garlic
ownership
opportunity
butter
specialize
shortly
scenario
inherit
academic
contact
greatest
mother
corporate
musical
authorize
protocol
proposed
sentence
athletic
foreigner
distribute
unfair
identify
thanks
victim
secure
candidate
dining
photographer
character
spread
teenager
innocent
prison
supervisor
humanity
shoulder
municipal
dignity
survival
possible
possibly
cultural
background
destroy
shadow
unique
advanced
desire
psychological
patience
gifted
manual
specific
remind
officer
security
attorney
envision
stereotype
people
successfully
somehow
elderly
election
escape
harassment
consensus
bottom
purple
normal
creative
everything
legislator
convict
christmas
participation
marketing
deadly
confrontation
defensive
manufacturing
chapter
limitation
donation
surround
dinner
dedicate
ensure
afternoon
horizon
steadily
commit
slightly
sweater
automatically
fantastic
respondent
formerly
facility
puzzle
profession
intellectual
administer
device
doctrine
balanced
stumble
fabric
support
initial
legislation
transform
sunlight
gallery
absolutely
clinical
editor
fraction
medium
offering
statute
landing
failure
analyst
counsel
harmony
inside
maximum
crystal
decorate
emotional
accelerate
diagnose
passenger
medication
liberal
classic
abstract
tournament
textbook
evidence
sometime
expertise
prayer
accounting
dealer
regime
whereas
weaken
generally
reality
setting
republic
ambitious
digital
warehouse
discount
shrink
picture
intend
welcome
update
journey
intent
businessman
variable
weekend
billion
faster
bullet
potato
assume
painting
interval
together
jacket
reception
serious
quantity
precise
concept
remarkable
impression
global
emerging
invent
integration
manager
grateful
battle
certainly
suicide
depend
technique
father
passage
environment
finally
behave
rhythm
terror
sovereignty
retreat
southwest
division
protective
string
advantage
seemingly
choice
liability
anonymous
trouble
minute
perceived
impressive
policeman
offender
brother
invade
settle
theological
science
sidewalk
prevent
spiritual
revolution
regret
discover
eating
bacteria
educate
appear
candle
assistance
debate
current
suspect
bombing
international
appeal
terrorism
satisfy
transportation
mechanic
funeral
muslim
french
understanding
contemplate
baseball
twentieth
premise
address
teacher
change
shared
enroll
thirty
canadian
healthy
guilty
commonly
marble
suggestion
usually
pillow
emerge
teenage
useful
merely
prefer
logical
bloody
flexibility
touchdown
should
crisis
market
everybody
wealth
working
positive
tightly
abroad
opposed
memory
associated
theoretical
prosecutor
entrance
afford
flying
acceptable
curriculum
envelope
validity
chocolate
downtown
visual
everywhere
virtue
effort
behalf
instructional
originally
pretend
abortion
strain
awareness
following
arrive
laughter
streak
performer
figure
predict
attribute
sample
drawer
critic
council
exclude
offense
provoke
clothing
productive
winter
fortunately
discussion
magazine
chemical
immune
fourth
elephant
corridor
absolute
economy
product
designer
laundry
sacrifice
southern
islamic
membership
produce
nomination
eighth
classroom
stress
natural
remember
liquid
conscious
whenever
wheelchair
explicit
inform
switch
deposit
african
basket
representation
gesture
typical
exclusive
serving
indeed
mainly
denial
damage
stability
course
statistical
dilemma
tendency
derive
police
monitor
acknowledge
interesting
presence
platform
window
suspicion
farmer
policy
troubled
instantly
lonely
finance
thereby
civilian
killer
introduce
nation
interview
wealthy
provision
discuss
possess
accommodate
execute
equality
entrepreneur
servant
uncertain
realistic
peasant
fisherman
entirely
quarter
domain
square
significantly
persian
sponsor
sexually
assumption
happen
worried
description
living
ultimately
accomplish
container
profit
nonprofit
furthermore
factory
increase
seriously
investigation
trauma
rational
internet
formula
dominate
sensor
correct
inevitably
theory
lawmaker
million
seventh
possibility
complicated
besides
obligation
marine
inevitable
advance
training
language
ministry
impose
programming
catalog
british
honest
motion
initiate
husband
invitation
promotion
childhood
frequent
origin
cheese
constantly
saving
revenue
coming
symbolic
yourself
submit
directly
spanish
impossible
message
accountability
tomorrow
engineer
little
necessarily
silent
district
plastic
anyone
indicate
conservation
tragic
convention
legally
friend
mostly
season
continuous
accurately
artifact
broadcast
ridiculous
freeze
specify
population
television
translate
unfortunately
depressed
require
crowded
diplomatic
recruit
future
venture
aesthetic
asleep
outcome
driveway
prospect
gathering
illness
argument
overnight
fucking
conspiracy
breakfast
recover
calendar
invite
conversion
efficient
veteran
isolate
terrific
equipment
emphasis
potential
online
objective
performance
wonder
channel
jungle
butterfly
ironically
multiple
opposite
molecule
pastor
assault
importantly
freshman
voluntary
forever
operate
especially
surprising
average
steady
hungry
managing
pattern
professional
senior
typically
repeatedly
detective
rating
walking
restriction
german
recipe
contemporary
bright
therapist
threshold
corner
aggressive
ground
treasure
proportion
behind
texture
considerable
hockey
enthusiasm
congressional
dispute
explosion
correctly
hostage
assistant
horrible
expectation
condemn
nearly
boundary
celebrate
secondary
reveal
regarding
resource
aluminum
artist
leather
seldom
borrow
morning
priest
uncover
vision
concert
physically
station
relative
actively
college
parking
surgery
concern
israeli
detect
vertical
mortgage
federal
subsequent
review
outside
bureau
between
import
reading
across
arrival
notice
infrastructure
parent
parental
screen
supermarket
killing
guitar
concentrate
article
interfere
undermine
reaction
installation
talented
residence
region
according
contract
somewhere
columnist
workplace
senator
expression
nearby
cancer
colony
period
insist
satisfaction
exploit
learning
cancel
moreover
custody
turkey
unusual
teammate
capable
stretch
rebuild
vacation
concede
breath
workshop
combined
peaceful
helicopter
hardly
engine
direction
enable
shopping
confuse
thousand
blessing
observe
minister
careful
spirit
myself
developing
consultant
tribal
conception
single
diverse
ongoing
promising
newspaper
situation
margin
orientation
telephone
commander
middle
evening
embrace
somebody
protein
property
technology
everyday
helmet
different
participant
doctor
surveillance
speech
reminder
document
disappointment
status
exhaust
finish
closest
socially
assist
driver
companion
director
running
delicate
statue
changing
totally
tradition
mentally
theater
largely
minimize
constitutional
roughly
severe
without
relief
bottle
coordinate
accessible
reward
dimension
justify
summer
outdoor
valuable
violent
aspect
flavor
weekly
announcement
feminist
thinking
rental
except
improvement
instrument
interested
treatment
extensive
momentum
kingdom
around
spectacular
desperately
inflation
traffic
preference
vacuum
railroad
execution
recipient
calculate
outlet
furniture
accusation
fortune
stranger
collective
miracle
lightning
annually
chamber
benefit
either
descend
output
twelve
verbal
competition
slavery
shallow
astronomer
racial
divine
provided
confirm
colonial
conservative
pioneer
critical
deficit
provider
moderate
decent
football
assembly
scientific
business
intimate
equivalent
communicate
broker
broken
evolve
leadership
assemble
exciting
manufacturer
comparison
central
package
island
industry
violence
favorite
insect
shrimp
practical
tremendous
airline
neighbor
testimony
processor
quietly
burning
communication
skilled
rolling
involvement
determine
apologize
elementary
intervention
tropical
legacy
prepare
strictly
racism
christianity
strict
valley
bubble
shower
complete
enough
regard
pleased
cabinet
cottage
promote
feather
handsome
romantic
bucket
rehabilitation
organize
politically
connect
strongly
toilet
citizenship
certain
describe
fellow
imagination
examine
reliability
girlfriend
politics
bishop
casualty
personnel
storage
graduate
rubber
acceptance
briefly
championship
congress
separate
shelter
symbol
important
coverage
tackle
spouse
psychology
building
remote
invest
dramatic
behavioral
nutrient
resolution
original
external
represent
consider
chinese
suburban
debris
deadline
cooperative
welfare
follow
settlement
religious
reluctant
glimpse
apartment
hunting
whoever
former
program
painter
health
presentation
relieve
appointment
horror
psychologist
decide
ticket
difference
condition
delivery
heaven
stimulus
celebrity
grandfather
adjust
biological
economically
neighborhood
straighten
invention
design
perspective
lawyer
investment
ribbon
conscience
darkness
deeply
section
resume
anniversary
version
public
contrast
movement
christian
counselor
component
supposedly
operating
strong
tragedy
publisher
search
conviction
difficulty
compliance
qualify
experience
youngster
soldier
amount
advertising
social
action
narrow
trainer
depart
family
suddenly
transit
sanction
actress
establish
select
readily
conventional
attendance
proceed
injure
distinct
revelation
destination
charge
almost
mysterious
injury
diamond
incentive
company
emission
excuse
basically
impulse
particular
cluster
recall
equation
coalition
dramatically
remain
sudden
abandon
scramble
history
beautiful
compare
prompt
adviser
credibility
accept
sphere
minimum
phrase
airplane
species
biography
mainstream
information
rather
technological
comfort
utilize
occasionally
earnings
sacred
reject
creature
sprinkle
sandwich
circuit
advice
reflect
interior
terrorist
lighting
adventure
faculty
develop
ethics
response
fascinating
refuse
criticize
resemble
author
departure
responsibility
fundamental
pleasure
infant
mexican
essence
mission
disabled
attitude
scientist
through
committee
existence
suffer
drinking
register
romance
rapidly
taxpayer
sodium
actually
resort
absence
projection
radical
inquiry
soccer
colleague
someone
return
severely
propose
adoption
hunter
predator
encouraging
framework
compound
speculate
complain
association
mystery
easily
pregnant
always
philosophical
capability
legend
inherent
friendship
trailer
everyone
mental
weight
generation
energy
reduce
democrat
extended
expect
undertake
measurement
operation
beyond
insurance
really
flower
funding
alcohol
testify
publish
research
safety
longtime
evaluation
highway
belief
circumstance
forgive
pleasant
extraordinary
reason
cookie
imagine
beginning
generate
revolutionary
definition
thread
launch
terrible
enforce
terribly
american
threat
leading
consequence
undergo
assign
relate
number
sympathy
unexpected
elevator
halfway
traveler
differ
temperature
script
introduction
twenty
interact
construct
cartoon
regulation
wonderful
identity
statement
compromise
hundred
banana
headache
option
relationship
needle
immediate
prediction
appreciation
transaction
favorable
consult
translation
believe
convinced
reflection
grocery
scheme
mortality
double
anticipate
instruction
recording
marriage
supposed
toward
declare
motivation
nominee
outstanding
strengthen
alongside
substantial
contest
concentration
vulnerable
mountain
breathing
depending
majority
internal
chairman
finding
province
towards
electric
retired
salmon
cigarette
coastal
shareholder
significant
nothing
wisdom
extremely
achievement
constitution
salary
mineral
mobile
sometimes
traditional
artistic
barrel
scholarship
physics
sector
particularly
phenomenon
session
relation
carefully
routinely
uniform
occupation
impact
indicator
northern
justice
nervous
writer
unhappy
penalty
experiment
pretty
factor
circle
dominant
meanwhile
dependent
secular
express
famous
courage
breast
closely
basement
during
builder
resolve
progressive
remove
proclaim
banking
investigate
common
activity
sustainable
overwhelm
intelligence
culture
defense
migration
tender
portrait
preparation
stance
expert
distinctive
currently
please
pickup
various
probably
donate
numerous
corruption
thrive
available
makeup
recently
missing
initially
attention
outfit
incident
succeed
opposition
distinguish
observer
legislature
league
prescription
reverse
license
restaurant
oversee
annual
foreign
sensitive
connection
context
approve
experimental
consume
supply
simple
community
dancer
simply
church
vessel
throughout
expensive
decline
palace
monthly
create
overlook
political
strategy
reduction
maintenance
threaten
territory
meeting
dialogue
suspicious
flight
champion
remark
ecosystem
understand
representative
demand
instructor
politician
frozen
judicial
straight
tolerate
budget
governor
admire
technical
sexuality
behavior
costly
century
wherever
itself
vanish
anymore
belong
discourse
virtually
widely
advise
composition
conflict
development
hallway
calculation
literature
temporary
backyard
regulator
comprehensive
yesterday
moment
traditionally
purpose
necessity
recent
database
dancing
anybody
analysis
obviously
person
withdraw
thoroughly
landmark
organization
chemistry
prevention
ambassador
exotic
competitive
openly
regardless
alternative
continent
timber
discipline
retirement
presidency
informal
disappointed
admission
deputy
cemetery
exclusively
contractor
source
deliberately
exhibition
homeland
administrative
remaining
surprised
complaint
confession
vendor
emergency
format
evaluate
couple
advocate
suffering
formal
cognitive
confront
signal
ignore
collect
continue
indication
popular
disorder
essential
premium
parade
senate
spring
creation
bounce
marker
economic
nonetheless
mirror
curious
ourselves
gradually
rarely
jewelry
decision
thanksgiving
audience
seller
religion
civilization
eliminate
innovation
temple
minimal
patient
processing
continuing
agreement
nowhere
intense
vaccine
wildlife
anything
constraint
graduation
replacement
consequently
silence
pollution
repair
plenty
reinforce
within
retailer
appropriate
primarily
contributor
lesson
bankruptcy
statistics
classical
spending
apparently
question
specifically
custom
occupy
refrigerator
heritage
forward
analyze
opponent
considerably
himself
elsewhere
jewish
poster
criteria
immigration
properly
library
russian
junior
consist
characteristic
planet
exploration
highlight
similar
medical
popularity
constant
expedition
hispanic
influence
commissioner
coordinator
engineering
warning
organizational
prevail
questionnaire
cotton
intact
objection
ballot
occasional
application
definitely
electrical
transport
income
department
apparent
reportedly
developmental
tablespoon
prosecution
resign
meaning
reservation
cooperate
desert
structure
fighter
practically
organism
required
scream
summit
narrative
partial
rabbit
scratch
resistance
existing
adjustment
compose
peanut
concerned
literary
stable
include
friendly
ingredient
random
garden
dessert
sensation
accuse
surgeon
continued
arrange
entire
transmission
gender
button
anxious
verdict
comprise
inspection
challenge
someday
biology
uncomfortable
defender
dynamics
depression
slight
access
consistently
indian
jurisdiction
capital
exercise
degree
exchange
respectively
commercial
highly
growing
explore
poverty
separation
others
consideration
fifteen
extreme
convert
engage
talent
survivor
receive
involved
casino
dissolve
implementation
survey
grandchild
defeat
opinion
implement
guidance
danger
forbid
manage
private
decrease
privately
scandal
manipulate
standing
confidence
metaphor
stream
consumption
illegal
guideline
eleven
camera
examination
vehicle
themselves
historically
defendant
possession
pencil
tennis
musician
impress
infection
missile
deserve
sharply
lifestyle
harvest
starter
charity
customer
account
tunnel
athlete
stroke
recession
anywhere
obvious
praise
freedom
regain
scatter
control
patrol
patron
process
effectively
carrot
something
parish
publicity
native
ideology
educational
united
syndrome
democracy
permission
poetry
arrangement
forest
animal
instead
comedy
establishment
greatly
profile
tension
administrator
attend
hesitate
franchise
philosophy
collection
notebook
fatigue
ethnic
tomato
physical
counter
element
honestly
agenda
swimming
producer
institutional
ambition
despite
including
costume
cruise
agricultural
galaxy
perfect
superior
meantime
permanent
firmly
choose
orange
criminal
theology
material
operator
functional
mention
courtroom
mandate
republican
investor
realize
presidential
sleeve
profound
intelligent
university
magnitude
shortage
beneath
experienced
homeless
soften
related
constitute
society
frequency
measure
sexual
wander
special
category
sentiment
entertainment
defend
activist
lecture
electronics
integrated
disclose
alleged
withdrawal
completely
surely
hazard
regulatory
likelihood
afterward
interaction
organic
hostile
counterpart
conversation
length
birthday
retain
retail
facilitate
museum
powerful
strategic
embarrassed
equity
precisely
quality
legislative
ancient
publication
privacy
festival
unknown
demonstration
accent
system
priority
attach
attack
developer
apology
perfectly
painful
enforcement
accompany
shorts
punish
explanation
exactly
environmental
diminish
overwhelming
herself
institution
outline
photograph
commodity
isolation
bother
compensation
individual
sculpture
exhibit
lightly
viewer
partnership
gently
comfortable
tonight
gentle
unlikely
dictate
throat
border
clearly
catholic
afraid
agency
speculation
gravity
mechanism
instance
tactic
korean
accuracy
worldwide
unless
combat
deploy
pitcher
collaboration
preliminary
prisoner
sophisticated
segment
payment
discourage
placement
neighboring
gather
request
disease
breeze
mechanical
occasion
normally
affair
atmosphere
selection
violation
anyway
planning
bedroom
portfolio
chicken
economist
supporter
decade
principal
knowledge
winner
employer
employee
achieve
regularly
insight
handle
plaintiff
familiar
photography
overall
listener
legitimate
consecutive
timing
entity
endless
evolution
tobacco
tolerance
married
eyebrow
allegation
contain
preach
requirement
national
terrain
immigrant
edition
intensity
computer
powder
desperate
battery
closer
nationwide
closet
reform
nuclear
nightmare
genius
written
identification
closed
routine
progress
neither
pistol
midnight
comparable
ability
opening
importance
deliver
vitamin
efficiency
hypothesis
approval
precious
lawsuit
problem
instant
career
freely
aircraft
assure
doorway
swallow
safely
otherwise
comment
detailed
relevant
unfold
conclude
removal
marketplace
invisible
carbon
respect
undergraduate
outsider
attraction
addition
discrimination
genetic
willing
slowly
bronze
entitle
recognize
curtain
proposal
kitchen
define
diversity
sufficient
protect
assert
planner
improved
general
present
volunteer
holiday
unlike
appearance
divorce
influential
barely
resident
surprisingly
surface
hardware
optimistic
lifetime
partner
inspector
portray
capture
shooting
productivity
perhaps
balloon
administration
member
strange
speaker
northwest
shuttle
negotiate
difficult
tighten
practice
practitioner
emotionally
absorb
reporting
disagree
effect
student
fierce
frequently
indigenous
judgment
collar
expand
destruction
correspondent
center
nevertheless
weapon
incredible
fighting
thought
banker
command
english
position
muscle
soviet
drawing
restore
excessive
rocket
heavily
increasingly
compel
accurate
executive
domestic
obtain
clinic
underlying
distant
fishing
happiness
generous
density
residential
demographic
arrest
combine
attractive
citizen
unprecedented
homework
identical
increased
government
historic
whatever
burden
mathematics
immediately
prominent
insert
necessary
helpful
success
journalism
garage
journalist
become
italian
amendment
exceed
because
habitat
sequence
scared
village
authority
motive
growth
export
convey
recommendation
proper
empire
supportive
employment
recognition
competitor
literally
hurricane
sustain
passion
leader
locate
pepper
schedule
journal
expansion
likewise
pressure
although
instinct
refuge
sister
actual
extension
column
universe
ecological
carrier
tongue
documentary
software
equally
alliance
wilderness
previously
creativity
commitment
articulate
assess
chronic
playoff
weather
promise
female
utility
additional
adolescent
confident
transfer
housing
secret
intention
frustration
inspiration
naturally
function
fiscal
stadium
mutter
volume
expected
neutral
construction
technician
squeeze
partially
lovely
evident
whether
dangerous
official
smooth
particle
distract
excitement
record
garbage
convince
ruling
monument
demonstrate
distribution
display
supreme
whisper
universal
contribute
carbohydrate
sibling
partly
education
campus
mutual
variety
corporation
offensive
detail
virtual
lately
witness
branch
incredibly
illusion
conclusion
repeat
canvas
variation
frustrate
chance
exposure
appoint
starting
frontier
earthquake
portion
compete
pension
diagnosis
ideological
determination
confess
