because
through
between
something
another
student
country
problem
American
against
company
program
question
government
believe
without
million
national
different
business
provide
service
important
political
however
include
continue
community
president
several
information
nothing
understand
whether
together
anything
already
history
morning
research
himself
teacher
education
although
remember
everything
process
including
consider
actually
probably
college
interest
someone
experience
suggest
control
perhaps
sometimes
require
development
themselves
economic
possible
finally
military
according
decision
explain
develop
relationship
federal
difference
receive
international
building
society
because
director
position
especially
special
support
official
everyone
project
activity
produce
American
situation
industry
picture
practice
describe
product
patient
certain
personal
support
technology
computer
attention
Republican
organization
century
evidence
difficult
culture
billion
brother
realize
hundred
available
opportunity
condition
daughter
administration
husband
Congress
campaign
material
population
economy
medical
hospital
thousand
current
involve
defense
increase
security
certainly
subject
officer
private
behavior
performance
quickly
represent
foreign
recently
movement
natural
concern
significant
similar
language
usually
response
article
despite
central
treatment
exactly
protect
approach
serious
thought
individual
quality
pressure
resource
identify
meeting
determine
prepare
disease
whatever
success
particularly
ability
recognize
indicate
character
herself
television
training
election
everybody
physical
general
feeling
standard
message
outside
analysis
benefit
forward
present
section
environmental
professor
operation
financial
compare
authority
knowledge
station
strategy
clearly
discuss
example
democratic
environment
various
executive
manager
network
religious
science
establish
Democrat
management
imagine
tonight
yourself
respond
statement
maintain
popular
traditional
direction
employee
cultural
contain
control
measure
interview
particular
structure
politics
perform
suddenly
discover
candidate
production
evening
conference
mention
individual
specific
trouble
necessary
throughout
challenge
shoulder
institution
beautiful
property
instead
improve
somebody
magazine
soldier
reflect
marriage
surface
purpose
pattern
machine
generation
commercial
address
reality
violence
investment
discussion
collection
partner
positive
kitchen
consumer
painting
scientist
agreement
capital
newspaper
instead
responsibility
attorney
account
interesting
audience
western
prevent
citizen
majority
professional
mission
customer
successful
participant
southern
eventually
restaurant
publish
relation
release
opinion
critical
concerned
version
effective
neighborhood
original
directly
species
immediately
freedom
absolutely
achieve
attitude
concept
powerful
perfect
therefore
conduct
announce
conversation
examine
completely
variety
involved
investigation
nuclear
researcher
conflict
experience
replace
British
encourage
argument
feature
afternoon
weekend
possibility
insurance
department
beginning
generally
African
complete
through
element
Chinese
solution
university
introduce
attempt
distance
mountain
supposed
tradition
village
communication
resident
potential
increase
European
presence
independent
district
contract
Christian
express
apartment
willing
strength
previous
obviously
interested
reporter
deliver
vehicle
observe
facility
understanding
average
advantage
leadership
operate
contribute
protection
collect
additional
identity
promote
present
tomorrow
technique
principle
survive
competition
equipment
associate
failure
Christmas
comment
responsible
approach
procedure
regular
chairman
baseball
measure
demonstrate
anybody
religion
document
influence
threaten
quarter
background
wonderful
apparently
slightly
reaction
perspective
growing
construction
intelligence
destroy
connection
context
committee
mistake
location
clothes
promise
neighbor
complete
function
average
combine
learning
dangerous
category
relatively
victory
academic
Internet
healthy
negative
following
historical
medicine
finding
classroom
contact
justice
participate
exercise
familiar
appropriate
democracy
eastern
primary
yesterday
progress
exchange
colleague
application
plastic
otherwise
writing
expression
football
chicken
theater
session
welcome
domestic
literature
assessment
respect
northern
Russian
instruction
importance
software
disappear
corporate
strange
reading
increasingly
educational
somewhere
favorite
explore
greatest
complex
surround
athlete
carefully
scientific
impossible
meaning
married
instrument
predict
weather
presidential
emotional
commitment
Supreme
temperature
surprise
proposal
consequence
balance
minority
straight
attempt
connect
teaching
photograph
regional
somehow
organize
acknowledge
expensive
conclusion
struggle
conclude
analyst
regulation
largely
revenue
appearance
package
difficulty
recommend
obvious
basically
generate
anymore
propose
thinking
possibly
visitor
currently
comfortable
investor
accident
hearing
traffic
capture
Japanese
emergency
feature
internal
content
declare
outside
appreciate
setting
outcome
Catholic
extremely
component
long-term
contrast
challenge
airport
standard
ultimately
contribution
capacity
ourselves
circumstance
English
politician
percentage
neither
influence
surgery
correct
estimate
basketball
investigate
significantly
address
combination
frequently
governor
ancient
silence
landscape
official
typical
conservative
eliminate
producer
meanwhile
division
confirm
entirely
complain
variable
telephone
perception
attract
confidence
bedroom
coverage
opposition
anywhere
pleasure
requirement
expectation
separate
struggle
somewhat
judgment
English
reference
seriously
account
minister
totally
industrial
stretch
surprised
fashion
separate
intervention
welfare
vegetable
improvement
everywhere
opening
overall
initial
terrible
contemporary
multiple
essential
question
criminal
careful
necessarily
specifically
holiday
resolution
household
abortion
witness
representative
beneath
incident
limited
faculty
increased
emphasize
experiment
definitely
enormous
liberal
massive
engineer
decline
promise
towards
secretary
typically
unfortunately
legislation
succeed
celebrate
achievement
fishing
characteristic
sentence
unusual
closely
convince
physician
virtually
addition
creative
approve
explanation
outside
acquire
compete
technical
potential
immigrant
illegal
alternative
interaction
personality
curriculum
passenger
assistance
forever
Israeli
association
display
criticism
depression
spiritual
musical
journalist
suspect
scholar
warning
climate
observation
childhood
payment
cigarette
definition
priority
creation
graduate
request
emotion
dramatic
universe
excellent
prosecutor
airline
library
recover
factory
selection
primarily
expense
initiative
funding
therapy
schedule
housing
purchase
existing
regarding
remaining
violent
suppose
perceive
comparison
settlement
planning
description
wedding
portion
territory
immediate
opponent
abandon
transform
tension
display
leading
consist
alcohol
release
Spanish
preserve
passage
transition
existence
participation
arrange
atmosphere
opposite
deserve
consistent
resistance
discovery
exposure
benefit
coalition
resolve
present
Mexican
symptom
contact
manufacturer
philosophy
interview
foundation
negotiation
occasion
breathe
investigator
ordinary
reduction
suicide
numerous
substance
discipline
elsewhere
practical
moreover
passion
volunteer
implement
essentially
enforcement
independence
marketing
amazing
intense
advance
employer
inspire
visible
illness
competitive
congressional
involvement
dominate
previously
whenever
transfer
analyze
another
disaster
parking
prospect
complaint
championship
exercise
fundamental
enhance
mystery
poverty
spending
evaluate
accomplish
emphasis
illustrate
monitor
entertainment
evaluation
creature
commander
digital
arrangement
concentrate
psychological
heavily
approximately
increasing
disorder
missile
equally
distribution
transportation
command
commission
interpretation
breakfast
strongly
engineering
so-called
constant
veteran
tablespoon
capable
nervous
tourist
crucial
exception
deficit
bathroom
objective
electronic
journey
reputation
mixture
confront
dimension
prisoner
designer
personnel
educator
relative
immigration
teaspoon
birthday
implication
perfectly
supporter
accompany
teenager
recognition
retirement
recovery
whisper
gentleman
observer
straight
publication
permanent
phenomenon
anxiety
literally
convention
embrace
exhibition
construct
consultant
administrator
occasionally
consideration
estimate
historic
grandmother
constantly
enterprise
testing
stomach
apparent
install
sensitive
suggestion
reasonable
preparation
elementary
concert
aggressive
intention
channel
extreme
drawing
protein
absence
rapidly
comment
diversity
Palestinian
employment
speaker
impression
respondent
historian
negotiate
restore
substantial
particular
specialist
approval
quietly
conventional
disability
general
criticize
professional
effectively
biological
criteria
alternative
utility
precisely
nevertheless
highway
clinical
routine
schedule
normally
ingredient
activist
Islamic
terrorism
refugee
incorporate
ultimate
corporation
valuable
assumption
graduate
barrier
provision
developing
classic
chemical
vacation
advocate
extraordinary
pregnant
distant
satellite
personally
chocolate
Italian
Canadian
ceiling
advertising
universal
darkness
clothing
portrait
survival
roughly
lawsuit
testimony
chamber
furniture
cooperation
ceremony
communicate
profile
mechanism
disagree
penalty
advance
destruction
unlikely
constitutional
stranger
infection
cabinet
electric
proceed
literary
dispute
fortune
strategic
assistant
overcome
remarkable
statistics
shopping
encounter
initially
electricity
genetic
adviser
spokesman
incentive
chemical
translate
accurate
whereas
expansion
Olympic
decline
conservative
process
concentration
complicated
champion
scenario
telescope
reflection
revolution
interpret
friendly
tournament
fiction
balance
tremendous
lifetime
recommendation
senator
hunting
guarantee
innocent
boundary
satisfaction
journal
awareness
surprising
withdraw
general
similarly
testify
dialogue
naturally
founder
advanced
dismiss
aircraft
delivery
platform
finance
attractive
respect
diverse
relevant
regularly
working
shooting
unknown
assistant
offense
counter
potentially
transfer
justify
protest
terrorist
insight
possess
politically
extensive
episode
shortly
originally
considerable
intellectual
assault
adventure
external
confident
headquarters
violation
license
shelter
controversy
entrance
favorite
practice
properly
defensive
tragedy
characterize
funeral
profession
constitute
establishment
squeeze
imagination
convert
comprehensive
prominent
presentation
regardless
introduction
pretend
elderly
representation
violate
partnership
pollution
emission
neither
earnings
distinction
segment
nowhere
exciting
variation
comfort
radical
correspondent
musician
significance
storage
leather
distribute
evolution
grandfather
council
vulnerable
instance
capability
celebrity
gradually
stability
fantasy
framework
gesture
depending
ongoing
psychology
counselor
witness
chapter
divorce
athletic
sustain
obligation
economist
fifteen
celebration
efficient
composition
satisfy
briefly
consume
frequency
tobacco
survivor
besides
psychologist
wealthy
limitation
appointment
preference
explosion
publicly
incredible
fighter
admission
educate
painful
friendship
calculate
tendency
uniform
formation
scholarship
reservation
efficiency
qualify
scandal
helpful
impress
resemble
privacy
surprise
contest
proportion
guideline
maintenance
conviction
organic
examination
publisher
strengthen
proposed
sophisticated
standing
bombing
membership
purchase
controversial
desperate
lifestyle
suspect
sufficient
narrative
photographer
helicopter
Catholic
provider
agricultural
explode
punishment
handful
horizon
curious
downtown
girlfriend
request
cholesterol
adjustment
taxpayer
principal
detailed
motivation
assignment
restriction
Palestinian
laboratory
workshop
differently
romantic
overlook
undergo
sequence
demonstration
consumption
temporary
medication
relative
edition
brilliant
manufacturing
Christian
complex
absolute
discrimination
offensive
register
appoint
heritage
terrorist
dominant
successfully
economics
anticipate
extension
battery
arrival
legitimate
orientation
inflation
cluster
dependent
institutional
operating
operator
instructor
collapse
furthermore
mortgage
sanction
civilian
habitat
consciousness
measurement
province
nomination
permission
actress
frustration
function
physically
distinguish
repeatedly
running
correct
distinct
artistic
discourse
fighting
impressive
competitor
worried
portray
persuade
moderate
subsequent
continued
carrier
cooking
frequent
miracle
widespread
killing
charity
identification
transformation
everyday
headline
venture
invasion
military
nonetheless
adequate
grocery
intensity
exhibit
blanket
principal
quarterback
concrete
prescription
African-American
document
recruit
consensus
recording
changing
painter
colonial
courage
pregnancy
reinforce
confusion
occupation
criminal
formula
cognitive
collective
captain
attribute
homeless
gallery
defendant
fitness
container
architect
dramatically
inquiry
surprisingly
highlight
decrease
indication
anniversary
alliance
hypothesis
boyfriend
compose
regulate
adolescent
related
lightly
concerning
laughter
northwest
counseling
receiver
interrupt
trading
concern
superior
surgeon
acceptable
physics
counsel
continuous
excited
sculpture
compound
integrate
presidency
serving
greatly
drinking
acceptance
collapse
finance
pleased
sponsor
ethical
secondary
experimental
midnight
integrity
entitle
evident
essence
exclude
suburban
interior
corridor
pitcher
weakness
classical
estimated
T-shirt
unemployment
civilization
patient
reverse
missing
correlation
humanity
developer
reliable
excitement
stretch
architecture
occasional
administrative
Hispanic
allegation
confuse
airplane
monthly
initiate
lecture
mainstream
sandwich
implementation
swallow
motivate
longtime
restrict
seemingly
legislative
effectiveness
enforce
inspector
companion
contend
assemble
frankly
hallway
inevitable
southwest
monster
protest
unexpected
obstacle
facilitate
encounter
overwhelming
integration
crystal
recession
written
ownership
nightmare
inspection
supervisor
consult
diagnosis
possession
forgive
consistently
basement
project
prosecution
maximum
announcement
warrior
prediction
bacteria
questionnaire
infrastructure
privilege
outdoor
broadcast
curtain
monitor
subject
walking
playoff
minimum
database
uncomfortable
execute
ideology
average
welcome
continuing
railroad
radiation
chronic
peaceful
innovation
replacement
administer
simultaneously
amendment
transmission
retired
trigger
grateful
virtual
response
adoption
indigenous
convict
civilian
particle
landing
conduct
festival
undermine
freshman
European
research
separation
traditionally
southeast
intelligent
wherever
rhetoric
convinced
driving
vitamin
enthusiasm
accommodate
wilderness
endless
mandate
respectively
uncertainty
mechanical
profound
currency
reserve
astronomer
corruption
contractor
apologize
doctrine
genuine
compromise
horrible
behavioral
exclusive
scatter
commonly
complexity
relieve
suspicion
residence
meaningful
sidewalk
Olympics
technological
signature
pleasant
suspend
pension
theoretical
promotion
delicate
forehead
rebuild
electrical
detective
traveler
compensation
attraction
dedicate
altogether
portfolio
shuttle
invisible
engagement
transaction
counterpart
historically
exhibit
identical
precise
anxious
structural
residential
diagnose
carbohydrate
liberty
theology
nonprofit
handsome
provided
businessman
promising
conscious
determination
Japanese
acquisition
wildlife
primary
doorway
departure
elevator
teenage
guidance
happiness
pursuit
Israeli
envelope
reporting
destination
endorse
exploration
generous
thereby
overall
indicator
sunlight
feedback
spectrum
reluctant
starting
expertise
practically
program
picture
volunteer
sharply
advocate
therapist
recipient
hesitate
accounting
metaphor
judicial
suffering
full-time
garbage
servant
addition
regulatory
diplomatic
elegant
reception
automatically
necessity
confess
starter
interior
banking
gravity
diminish
prevention
minimize
performer
isolate
inventory
productive
assembly
magnitude
hostage
collector
popularity
dynamic
equation
offering
photography
disappointed
precious
prohibit
representative
content
realistic
Russian
command
gathering
outstanding
stumble
automobile
artificial
abstract
descend
hopefully
readily
cooperate
revolutionary
romance
hardware
continent
circuit
shortage
annually
deadline
processing
coastal
undertake
reserve
burning
ridiculous
automatic
diamond
credibility
sexually
sentiment
oversee
inspiration
quantity
trailer
o'clock
monument
sacrifice
invitation
accuracy
officially
treasure
loyalty
talented
gasoline
nominee
extended
diabetes
alleged
mysterious
dynamics
dignity
parental
seventh
tightly
protective
dilemma
specialize
northeast
shallow
liability
merchant
stadium
improved
associated
withdrawal
refrigerator
thoroughly
ancestor
condemn
optimistic
homeland
exchange
costume
courtroom
statute
cartoon
besides
productivity
symbolic
agriculture
hostile
conceive
combined
instantly
bankruptcy
vaccine
collaboration
opposed
patience
tropical
willingness
position
revelation
jewelry
concede
afterward
spectacular
reliability
alongside
fascinating
discourage
coordinator
ideological
secular
intimate
divorce
documentary
neutral
biology
flexible
progressive
conspiracy
casualty
republic
execution
terrific
functional
instinct
teammate
aluminum
whoever
ministry
verdict
instruct
self-esteem
cooperative
manipulate
practitioner
mushroom
subsidy
mathematics
mechanic
respect
earthquake
creativity
underlying
dessert
sympathy
fisherman
incredibly
isolation
entrepreneur
syndrome
workplace
ambition
touchdown
utilize
ambitious
Christianity
presumably
influential
translation
uncertain
dissolve
statistical
metropolitan
rolling
aesthetic
expected
accomplishment
actively
minimal
fortunately
cocaine
illusion
anonymous
tolerate
appreciation
commissioner
flexibility
instructional
scramble
decorate
equivalent
experienced
donation
sibling
interact
short-term
passing
persist
supplier
momentum
elephant
consequently
legislature
associate
franchise
correctly
mentally
bicycle
encouraging
exploit
accessible
organism
sensation
partially
upstairs
minimum
conservation
backyard
charter
consent
comprise
reminder
placement
grandchild
reportedly
well-known
surrounding
ecological
unprecedented
columnist
workout
preliminary
disabled
hormone
texture
counter
associate
frontier
disclose
custody
interfere
notebook
outline
attendance
speculation
uncover
innovative
installation
stimulate
vertical
swimming
catalog
outsider
sacrifice
desperately
sensitivity
someday
instant
proclaim
worldwide
required
confrontation
colorful
constitution
trainer
Thanksgiving
eyebrow
inherit
pioneer
organizational
textbook
emerging
envision
rational
kingdom
protocol
exclusively
marketplace
terrain
distract
planner
depressed
closest
discount
migration
breathing
hurricane
retailer
classify
ambassador
density
supportive
curiosity
aggression
stimulus
journalism
likewise
informal
Persian
feather
tighten
perceived
publicity
well-being
validity
ecosystem
strictly
partial
compliance
supposedly
builder
glimpse
premise
specialty
artifact
two-thirds
listener
lightning
legally
disappointment
disturb
excessive
high-tech
logical
liberal
socially
slavery
commodity
mineral
developmental
halfway
equality
cemetery
harassment
deliberately
striking
likelihood
embarrassed
fucking
isolated
suspicious
wheelchair
eligible
processor
sponsor
demographic
legislator
programming
elaborate
intellectual
conception
auction
triumph
shareholder
comparable
transport
conscience
calculation
considerably
interval
scratch
jurisdiction
inevitably
feminist
constraint
emotionally
expedition
allegedly
compromise
similarity
sprinkle
mortality
philosophical
conversion
municipal
harmony
tolerance
instant
blessing
running
formerly
peasant
grandparent
lawmaker
supermarket
calendar
deposit
downtown
screening
impulse
predator
voluntary
trouble
dancing
happily
removal
autonomy
landmark
unhappy
offender
privately
fraction
distinctive
tourism
threshold
routinely
regulator
theological
exhaust
fragile
objection
chemistry
old-fashioned
crowded
prevail
overnight
fantastic
fragment
undergraduate
headache
policeman
projection
suitable
mention
graduation
mansion
authorize
cottage
driveway
sexuality
balloon
invention
homework
guarantee
availability
sweater
rehabilitation
retreat
molecule
favorable
steadily
veteran
integrated
youngster
broadcast
premium
accountability
overwhelm
one-third
contemplate
ironically
fatigue
speculate
confession
provoke
substantially
defender
explicit
transport
disturbing
surveillance
magnetic
technician
devastating
neighboring
meantime
transmit
harvest
consecutive
republican
coordinate
worldwide
nutrient
citizenship
severely
sovereignty
lighting
specify
contributor
frustrate
articulate
importantly
transit
seminar
electronics
accusation
photograph
straighten
terribly
biography
compelling
economically
honestly
troubled
twentieth
balanced
foreigner
convenience
delight
accurately
sustainable
skilled
managing
organized
diplomat
sometime
summary
missionary
epidemic
warehouse
accelerate
butterfly
inherent
nationwide
harvest
selected
dictate
stereotype
laundry
plaintiff
middle-class
apology
provide
service
important
political
however
include
continue
community
president
several
information
nothing
understand
whether
together
anything
already
history
morning
research
himself
teacher
education
although
remember
everything
process
including
consider
actually
probably
college
interest
someone
experience
suggest
control
perhaps
sometimes
require
development
themselves
economic
possible
finally
military
according
decision
explain
develop
relationship
federal
difference
receive
international
building
society
because
director
position
especially
special
support
official
everyone
project
activity
produce
American
situation
industry
picture
practice
describe
product
patient
certain
personal
support
technology
computer
attention
Republican
organization
century
evidence
difficult
culture
billion
brother
realize
hundred
available
opportunity
condition
daughter
administration
husband
Congress
campaign
material
population
economy
medical
hospital
thousand
current
involve
defense
increase
security
certainly
subject
officer
private
behavior
performance
quickly
represent
foreign
recently
movement
natural
concern
significant
similar
language
usually
response
article
despite
central
treatment
exactly
protect
approach
serious
thought
individual
quality
pressure
resource
identify
meeting
determine
prepare
disease
whatever
success
particularly
ability
recognize
indicate
character
herself
television
training
election
everybody
physical
general
feeling
standard
message
outside
analysis
benefit
forward
present
section
environmental
professor
operation
financial
compare
authority
knowledge
station
strategy
clearly
discuss
example
democratic
environment
various
executive
manager
network
religious
science
establish
Democrat
management
imagine
tonight
yourself
respond
statement
maintain
popular
traditional
direction
employee
cultural
contain
control
measure
interview
particular
structure
politics
perform
suddenly
discover
candidate
production
evening
conference
mention
individual
specific
trouble
necessary
throughout
challenge
shoulder
institution
beautiful
property
instead
improve
somebody
magazine
soldier
reflect
marriage
surface
purpose
pattern
machine
generation
commercial
address
reality
violence
investment
discussion
collection
partner
positive
kitchen
consumer
painting
scientist
agreement
capital
newspaper
instead
responsibility
attorney
account
interesting
audience
western
prevent
citizen
majority
professional
mission
customer
successful
participant
southern
eventually
restaurant
publish
relation
release
opinion
critical
concerned
version
effective
neighborhood
original
directly
species
immediately
freedom
absolutely
achieve
attitude
concept
powerful
perfect
therefore
conduct
announce
conversation
examine
completely
variety
involved
investigation
nuclear
researcher
conflict
experience
replace
British
encourage
argument
feature
afternoon
weekend
possibility
insurance
department
beginning
generally
African
complete
through
element
Chinese
solution
university
introduce
attempt
distance
mountain
supposed
tradition
village
communication
resident
potential
increase
European
presence
independent
district
contract
Christian
express
apartment
willing
strength
previous
obviously
interested
reporter
deliver
vehicle
observe
facility
understanding
average
advantage
leadership
operate
contribute
protection
collect
additional
identity
promote
present
tomorrow
technique
principle
survive
competition
equipment
associate
failure
Christmas
comment
responsible
approach
procedure
regular
chairman
baseball
measure
demonstrate
anybody
religion
document
influence
threaten
quarter
background
wonderful
apparently
slightly
reaction
perspective
growing
construction
intelligence
destroy
connection
context
committee
mistake
location
clothes
promise
neighbor
complete
function
average
combine
learning
dangerous
category
relatively
victory
academic
Internet
healthy
negative
following
historical
medicine
finding
classroom
contact
justice
participate
exercise
familiar
appropriate
democracy
eastern
primary
yesterday
progress
exchange
colleague
application
plastic
otherwise
writing
expression
football
chicken
theater
session
welcome
domestic
literature
assessment
respect
northern
Russian
instruction
importance
software
disappear
corporate
strange
reading
increasingly
educational
somewhere
favorite
explore
greatest
complex
surround
athlete
carefully
scientific
impossible
meaning
married
instrument
predict
weather
presidential
emotional
commitment
Supreme
temperature
surprise
proposal
consequence
balance
minority
straight
attempt
connect
teaching
photograph
regional
somehow
organize
acknowledge
expensive
conclusion
struggle
conclude
analyst
regulation
largely
revenue
appearance
package
difficulty
recommend
obvious
basically
generate
anymore
propose
thinking
possibly
visitor
currently
comfortable
investor
accident
hearing
traffic
capture
Japanese
emergency
feature
internal
content
declare
outside
appreciate
setting
outcome
Catholic
extremely
component
long-term
contrast
challenge
airport
standard
ultimately
contribution
capacity
ourselves
circumstance
English
politician
percentage
neither
influence
surgery
correct
estimate
basketball
investigate
significantly
address
combination
frequently
governor
ancient
silence
landscape
official
typical
conservative
eliminate
producer
meanwhile
division
confirm
entirely
complain
variable
telephone
perception
attract
confidence
bedroom
coverage
opposition
anywhere
pleasure
requirement
expectation
separate
struggle
somewhat
judgment
English
reference
seriously
account
minister
totally
industrial
stretch
surprised
fashion
separate
intervention
welfare
vegetable
improvement
everywhere
opening
overall
initial
terrible
contemporary
multiple
essential
question
criminal
careful
necessarily
specifically
holiday
resolution
household
abortion
witness
representative
beneath
incident
limited
faculty
increased
emphasize
experiment
definitely
enormous
liberal
massive
engineer
decline
promise
towards
secretary
typically
unfortunately
legislation
succeed
celebrate
achievement
fishing
characteristic
sentence
unusual
closely
convince
physician
virtually
addition
creative
approve
explanation
outside
acquire
compete
technical
potential
immigrant
illegal
alternative
interaction
personality
curriculum
passenger
assistance
forever
Israeli
association
display
criticism
depression
spiritual
musical
journalist
suspect
scholar
warning
climate
observation
childhood
payment
cigarette
definition
priority
creation
graduate
request
emotion
dramatic
universe
excellent
prosecutor
airline
library
recover
factory
selection
primarily
expense
initiative
funding
therapy
schedule
housing
purchase
existing
regarding
remaining
violent
suppose
perceive
comparison
settlement
planning
description
wedding
portion
territory
immediate
opponent
abandon
transform
tension
display
leading
consist
alcohol
release
Spanish
preserve
passage
transition
existence
participation
arrange
atmosphere
opposite
deserve
consistent
resistance
discovery
exposure
benefit
coalition
resolve
present
Mexican
symptom
contact
manufacturer
philosophy
interview
foundation
negotiation
occasion
breathe
investigator
ordinary
reduction
suicide
numerous
substance
discipline
elsewhere
practical
moreover
passion
volunteer
implement
essentially
enforcement
independence
marketing
amazing
intense
advance
employer
inspire
visible
illness
competitive
congressional
involvement
dominate
previously
whenever
transfer
analyze
another
disaster
parking
prospect
complaint
championship
exercise
fundamental
enhance
mystery
poverty
spending
evaluate
accomplish
emphasis
illustrate
monitor
entertainment
evaluation
creature
commander
digital
arrangement
concentrate
psychological
heavily
approximately
increasing
disorder
missile
equally
distribution
transportation
command
commission
interpretation
breakfast
strongly
engineering
so-called
constant
veteran
tablespoon
capable
nervous
tourist
crucial
exception
deficit
bathroom
objective
electronic
journey
reputation
mixture
confront
dimension
prisoner
designer
personnel
educator
relative
immigration
teaspoon
birthday
implication
perfectly
supporter
accompany
teenager
recognition
retirement
recovery
whisper
gentleman
observer
straight
publication
